Using pre-set license
Built from '2021.3/staging' branch; Version is '2021.3.4f1 (cb45f9cae8b7) revision 13321721'; Using compiler version '192829333'; Build Type 'Release'
OS: 'Windows 10  (10.0.19043) 64bit Professional' Language: 'hu' Physical Memory: 16075 MB
BatchMode: 1, IsHumanControllingUs: 0, StartBugReporterOnCrash: 0, Is64bit: 1, IsPro: 1

COMMAND LINE ARGUMENTS:
C:\Program Files\Unity\Hub\Editor\2021.3.4f1\Editor\Unity.exe
-adb2
-batchMode
-noUpm
-name
AssetImportWorker1
-projectPath
C:/Users/gob-boi/Documents/GitHub/Tiny_RTS/Project_TinyRTS/HexaStrategy
-logFile
Logs/AssetImportWorker1.log
-srvPort
63127
Successfully changed project path to: C:/Users/gob-boi/Documents/GitHub/Tiny_RTS/Project_TinyRTS/HexaStrategy
C:/Users/gob-boi/Documents/GitHub/Tiny_RTS/Project_TinyRTS/HexaStrategy
[UnityMemory] Configuration Parameters - Can be set up in boot.config
    "memorysetup-bucket-allocator-granularity=16"
    "memorysetup-bucket-allocator-bucket-count=8"
    "memorysetup-bucket-allocator-block-size=33554432"
    "memorysetup-bucket-allocator-block-count=8"
    "memorysetup-main-allocator-block-size=16777216"
    "memorysetup-thread-allocator-block-size=16777216"
    "memorysetup-gfx-main-allocator-block-size=16777216"
    "memorysetup-gfx-thread-allocator-block-size=16777216"
    "memorysetup-cache-allocator-block-size=4194304"
    "memorysetup-typetree-allocator-block-size=2097152"
    "memorysetup-profiler-bucket-allocator-granularity=16"
    "memorysetup-profiler-bucket-allocator-bucket-count=8"
    "memorysetup-profiler-bucket-allocator-block-size=33554432"
    "memorysetup-profiler-bucket-allocator-block-count=8"
    "memorysetup-profiler-allocator-block-size=16777216"
    "memorysetup-profiler-editor-allocator-block-size=1048576"
    "memorysetup-temp-allocator-size-main=16777216"
    "memorysetup-job-temp-allocator-block-size=2097152"
    "memorysetup-job-temp-allocator-block-size-background=1048576"
    "memorysetup-job-temp-allocator-reduction-small-platforms=262144"
    "memorysetup-temp-allocator-size-background-worker=32768"
    "memorysetup-temp-allocator-size-job-worker=262144"
    "memorysetup-temp-allocator-size-preload-manager=33554432"
    "memorysetup-temp-allocator-size-nav-mesh-worker=65536"
    "memorysetup-temp-allocator-size-audio-worker=65536"
    "memorysetup-temp-allocator-size-cloud-worker=32768"
    "memorysetup-temp-allocator-size-gi-baking-worker=262144"
    "memorysetup-temp-allocator-size-gfx=262144"
Refreshing native plugins compatible for Editor in 48.49 ms, found 2 plugins.
Preloading 0 native plugins for Editor in 0.00 ms.
Initialize engine version: 2021.3.4f1 (cb45f9cae8b7)
[Subsystems] Discovering subsystems at path C:/Program Files/Unity/Hub/Editor/2021.3.4f1/Editor/Data/Resources/UnitySubsystems
[Subsystems] Discovering subsystems at path C:/Users/gob-boi/Documents/GitHub/Tiny_RTS/Project_TinyRTS/HexaStrategy/Assets
GfxDevice: creating device client; threaded=0; jobified=0
Direct3D:
    Version:  Direct3D 11.0 [level 11.1]
    Renderer: NVIDIA GeForce RTX 3050 Laptop GPU (ID=0x25a2)
    Vendor:   NVIDIA
    VRAM:     3993 MB
    Driver:   31.0.15.1659
Initialize mono
Mono path[0] = 'C:/Program Files/Unity/Hub/Editor/2021.3.4f1/Editor/Data/Managed'
Mono path[1] = 'C:/Program Files/Unity/Hub/Editor/2021.3.4f1/Editor/Data/MonoBleedingEdge/lib/mono/unityjit-win32'
Mono config path = 'C:/Program Files/Unity/Hub/Editor/2021.3.4f1/Editor/Data/MonoBleedingEdge/etc'
Using monoOptions --debugger-agent=transport=dt_socket,embedding=1,server=y,suspend=n,address=127.0.0.1:56368
Begin MonoManager ReloadAssembly
Registering precompiled unity dll's ...
Register platform support module: C:/Program Files/Unity/Hub/Editor/2021.3.4f1/Editor/Data/PlaybackEngines/WebGLSupport/UnityEditor.WebGL.Extensions.dll
Register platform support module: C:/Program Files/Unity/Hub/Editor/2021.3.4f1/Editor/Data/PlaybackEngines/WindowsStandaloneSupport/UnityEditor.WindowsStandalone.Extensions.dll
Registered in 0.003334 seconds.
Native extension for WindowsStandalone target not found
Native extension for WebGL target not found
Refreshing native plugins compatible for Editor in 69.55 ms, found 2 plugins.
Preloading 0 native plugins for Editor in 0.00 ms.
Mono: successfully reloaded assembly
- Completed reload, in  0.627 seconds
Domain Reload Profiling:
	ReloadAssembly (627ms)
		BeginReloadAssembly (53ms)
			ExecutionOrderSort (0ms)
			DisableScriptedObjects (0ms)
			BackupInstance (0ms)
			ReleaseScriptingObjects (0ms)
			CreateAndSetChildDomain (1ms)
		EndReloadAssembly (455ms)
			LoadAssemblies (52ms)
			RebuildTransferFunctionScriptingTraits (0ms)
			SetupTypeCache (102ms)
			ReleaseScriptCaches (0ms)
			RebuildScriptCaches (25ms)
			SetupLoadedEditorAssemblies (282ms)
				LogAssemblyErrors (0ms)
				InitializePlatformSupportModulesInManaged (7ms)
				SetLoadedEditorAssemblies (0ms)
				RefreshPlugins (70ms)
				BeforeProcessingInitializeOnLoad (5ms)
				ProcessInitializeOnLoadAttributes (155ms)
				ProcessInitializeOnLoadMethodAttributes (45ms)
				AfterProcessingInitializeOnLoad (0ms)
				EditorAssembliesLoaded (0ms)
			ExecutionOrderSort2 (0ms)
			AwakeInstancesAfterBackupRestoration (0ms)
Platform modules already initialized, skipping
Registering precompiled user dll's ...
Registered in 0.002186 seconds.
Begin MonoManager ReloadAssembly
Native extension for WindowsStandalone target not found
Native extension for WebGL target not found
Refreshing native plugins compatible for Editor in 0.71 ms, found 2 plugins.
Preloading 0 native plugins for Editor in 0.00 ms.
Mono: successfully reloaded assembly
- Completed reload, in  0.988 seconds
Domain Reload Profiling:
	ReloadAssembly (988ms)
		BeginReloadAssembly (118ms)
			ExecutionOrderSort (0ms)
			DisableScriptedObjects (5ms)
			BackupInstance (0ms)
			ReleaseScriptingObjects (0ms)
			CreateAndSetChildDomain (18ms)
		EndReloadAssembly (755ms)
			LoadAssemblies (85ms)
			RebuildTransferFunctionScriptingTraits (0ms)
			SetupTypeCache (210ms)
			ReleaseScriptCaches (1ms)
			RebuildScriptCaches (41ms)
			SetupLoadedEditorAssemblies (395ms)
				LogAssemblyErrors (0ms)
				InitializePlatformSupportModulesInManaged (5ms)
				SetLoadedEditorAssemblies (0ms)
				RefreshPlugins (1ms)
				BeforeProcessingInitializeOnLoad (99ms)
				ProcessInitializeOnLoadAttributes (258ms)
				ProcessInitializeOnLoadMethodAttributes (29ms)
				AfterProcessingInitializeOnLoad (3ms)
				EditorAssembliesLoaded (0ms)
			ExecutionOrderSort2 (0ms)
			AwakeInstancesAfterBackupRestoration (5ms)
Platform modules already initialized, skipping
========================================================================
Worker process is ready to serve import requests
Launched and connected shader compiler UnityShaderCompiler.exe after 0.03 seconds
Refreshing native plugins compatible for Editor in 0.82 ms, found 2 plugins.
Preloading 0 native plugins for Editor in 0.00 ms.
Unloading 1863 Unused Serialized files (Serialized files now loaded: 0)
Unloading 35 unused Assets / (1.3 MB). Loaded Objects now: 2319.
Memory consumption went from 91.8 MB to 90.5 MB.
Total: 2.347800 ms (FindLiveObjects: 0.163000 ms CreateObjectMapping: 0.041700 ms MarkObjects: 1.886100 ms  DeleteObjects: 0.256100 ms)

AssetImportParameters requested are different than current active one (requested -> active):
  custom:video-decoder-ogg-theora: a1e56fd34408186e4bbccfd4996cb3dc -> 
  custom:container-muxer-webm: aa71ff27fc2769a1b78a27578f13a17b -> 
  custom:container-demuxer-webm: 4f35f7cbe854078d1ac9338744f61a02 -> 
  custom:video-encoder-webm-vp8: eb34c28f22e8b96e1ab97ce403110664 -> 
  custom:audio-encoder-webm-vorbis: bf7c407c2cedff20999df2af8eb42d56 -> 
  custom:framework-win-MediaFoundation: 216162199b28c13a410421893ffa2e32 -> 
  custom:container-demuxer-ogg: 62fdf1f143b41e24485cea50d1cbac27 -> 
  custom:video-decoder-webm-vp8: 9c59270c3fd7afecdb556c50c9e8de78 -> 
  custom:audio-decoder-ogg-vorbis: bf7c407c2cedff20999df2af8eb42d56 -> 
========================================================================
Received Import Request.
  Time since last request: 1294257.836507 seconds.
  path: Assets/hex_forest_Lod0.fbx
  artifactKey: Guid(e6f9d163f6bf01d459d471792429dded) Importer(815301076,1909f56bfc062723c751e8b465ee728b)
Start importing Assets/hex_forest_Lod0.fbx using Guid(e6f9d163f6bf01d459d471792429dded) Importer(815301076,1909f56bfc062723c751e8b465ee728b)  -> (artifact id: '12596368cd491d9f8102ff70fe454796') in 0.529824 seconds 
========================================================================
Received Prepare
Registering precompiled user dll's ...
Registered in 0.002085 seconds.
Begin MonoManager ReloadAssembly
Native extension for WindowsStandalone target not found
Native extension for WebGL target not found
Refreshing native plugins compatible for Editor in 0.67 ms, found 2 plugins.
Preloading 0 native plugins for Editor in 0.00 ms.
Mono: successfully reloaded assembly
- Completed reload, in  0.907 seconds
Domain Reload Profiling:
	ReloadAssembly (907ms)
		BeginReloadAssembly (142ms)
			ExecutionOrderSort (0ms)
			DisableScriptedObjects (3ms)
			BackupInstance (0ms)
			ReleaseScriptingObjects (0ms)
			CreateAndSetChildDomain (29ms)
		EndReloadAssembly (692ms)
			LoadAssemblies (98ms)
			RebuildTransferFunctionScriptingTraits (0ms)
			SetupTypeCache (218ms)
			ReleaseScriptCaches (1ms)
			RebuildScriptCaches (31ms)
			SetupLoadedEditorAssemblies (337ms)
				LogAssemblyErrors (0ms)
				InitializePlatformSupportModulesInManaged (13ms)
				SetLoadedEditorAssemblies (0ms)
				RefreshPlugins (1ms)
				BeforeProcessingInitializeOnLoad (84ms)
				ProcessInitializeOnLoadAttributes (178ms)
				ProcessInitializeOnLoadMethodAttributes (53ms)
				AfterProcessingInitializeOnLoad (8ms)
				EditorAssembliesLoaded (0ms)
			ExecutionOrderSort2 (0ms)
			AwakeInstancesAfterBackupRestoration (16ms)
Platform modules already initialized, skipping
Refreshing native plugins compatible for Editor in 1.26 ms, found 2 plugins.
Preloading 0 native plugins for Editor in 0.00 ms.
Unloading 1807 Unused Serialized files (Serialized files now loaded: 0)
Unloading 28 unused Assets / (1.3 MB). Loaded Objects now: 2365.
Memory consumption went from 90.9 MB to 89.5 MB.
Total: 2.338900 ms (FindLiveObjects: 0.164800 ms CreateObjectMapping: 0.037000 ms MarkObjects: 1.882900 ms  DeleteObjects: 0.253200 ms)

AssetImportParameters requested are different than current active one (requested -> active):
  custom:video-decoder-ogg-theora: a1e56fd34408186e4bbccfd4996cb3dc -> 
  custom:container-muxer-webm: aa71ff27fc2769a1b78a27578f13a17b -> 
  custom:container-demuxer-webm: 4f35f7cbe854078d1ac9338744f61a02 -> 
  custom:video-encoder-webm-vp8: eb34c28f22e8b96e1ab97ce403110664 -> 
  custom:audio-encoder-webm-vorbis: bf7c407c2cedff20999df2af8eb42d56 -> 
  custom:framework-win-MediaFoundation: 216162199b28c13a410421893ffa2e32 -> 
  custom:container-demuxer-ogg: 62fdf1f143b41e24485cea50d1cbac27 -> 
  custom:video-decoder-webm-vp8: 9c59270c3fd7afecdb556c50c9e8de78 -> 
  custom:audio-decoder-ogg-vorbis: bf7c407c2cedff20999df2af8eb42d56 -> 
========================================================================
Received Import Request.
  Time since last request: 342.243779 seconds.
  path: Assets/KayKit Medieval Builder Pack/Models/tiles/hex/dae/hex_sand.dae
  artifactKey: Guid(59ab3c1bd4234ca469ad048488e3615b) Importer(815301076,1909f56bfc062723c751e8b465ee728b)
Start importing Assets/KayKit Medieval Builder Pack/Models/tiles/hex/dae/hex_sand.dae using Guid(59ab3c1bd4234ca469ad048488e3615b) Importer(815301076,1909f56bfc062723c751e8b465ee728b)  -> (artifact id: '98ba7289b4c7e00f95eafe80baab7944') in 0.157250 seconds 
========================================================================
Received Import Request.
  Time since last request: 0.000053 seconds.
  path: Assets/KayKit Medieval Builder Pack/Models/tiles/hex/dae/hex_sand_roadF.dae
  artifactKey: Guid(dbc8c808e54045b41ab5c2697001b7e1) Importer(815301076,1909f56bfc062723c751e8b465ee728b)
Start importing Assets/KayKit Medieval Builder Pack/Models/tiles/hex/dae/hex_sand_roadF.dae using Guid(dbc8c808e54045b41ab5c2697001b7e1) Importer(815301076,1909f56bfc062723c751e8b465ee728b)  -> (artifact id: '1c09810e9cf8322dc547c005eb024afc') in 0.041587 seconds 
========================================================================
Received Import Request.
  Time since last request: 0.000029 seconds.
  path: Assets/KayKit Medieval Builder Pack/Models/tiles/square/fbx/square_sand_waterStraight_noSides.fbx
  artifactKey: Guid(ae15339e4beadc141af52824a93664ed) Importer(815301076,1909f56bfc062723c751e8b465ee728b)
Start importing Assets/KayKit Medieval Builder Pack/Models/tiles/square/fbx/square_sand_waterStraight_noSides.fbx using Guid(ae15339e4beadc141af52824a93664ed) Importer(815301076,1909f56bfc062723c751e8b465ee728b)  -> (artifact id: '2316a9ffb23dd5d905af6b3e9c523ab3') in 0.299607 seconds 
========================================================================
Received Import Request.
  Time since last request: 0.000025 seconds.
  path: Assets/KayKit Medieval Builder Pack/Models/tiles/hex/dae/hex_rock_roadK.dae
  artifactKey: Guid(1ec72df492c7e684791a1a3e4e803be5) Importer(815301076,1909f56bfc062723c751e8b465ee728b)
Start importing Assets/KayKit Medieval Builder Pack/Models/tiles/hex/dae/hex_rock_roadK.dae using Guid(1ec72df492c7e684791a1a3e4e803be5) Importer(815301076,1909f56bfc062723c751e8b465ee728b)  -> (artifact id: '17cbe47308b82a6ae4b115f9619a3425') in 0.039206 seconds 
========================================================================
Received Import Request.
  Time since last request: 0.000051 seconds.
  path: Assets/KayKit Medieval Builder Pack/Models/tiles/hex/obj/hex_sand_roadA.obj
  artifactKey: Guid(373817ed6ef4e284eb3d01d6df63d210) Importer(815301076,1909f56bfc062723c751e8b465ee728b)
Start importing Assets/KayKit Medieval Builder Pack/Models/tiles/hex/obj/hex_sand_roadA.obj using Guid(373817ed6ef4e284eb3d01d6df63d210) Importer(815301076,1909f56bfc062723c751e8b465ee728b)  -> (artifact id: '263d4069e7c4e85e849cdc0d08cacc1b') in 0.056434 seconds 
========================================================================
Received Import Request.
  Time since last request: 0.000031 seconds.
  path: Assets/KayKit Medieval Builder Pack/Models/tiles/hex/dae/hex_sand_roadF_detail.dae
  artifactKey: Guid(5e872e27e060de64bba437b545c1894f) Importer(815301076,1909f56bfc062723c751e8b465ee728b)
Start importing Assets/KayKit Medieval Builder Pack/Models/tiles/hex/dae/hex_sand_roadF_detail.dae using Guid(5e872e27e060de64bba437b545c1894f) Importer(815301076,1909f56bfc062723c751e8b465ee728b)  -> (artifact id: '6fb47443fcf5cc9afcb934b1c1ff4c68') in 0.118233 seconds 
========================================================================
Received Import Request.
  Time since last request: 0.000047 seconds.
  path: Assets/KayKit Medieval Builder Pack/Models/tiles/hex/dae/hex_sand_roadE_detail.dae
  artifactKey: Guid(5aaad961e7ae5d54cab27e8d4ffb5c33) Importer(815301076,1909f56bfc062723c751e8b465ee728b)
Start importing Assets/KayKit Medieval Builder Pack/Models/tiles/hex/dae/hex_sand_roadE_detail.dae using Guid(5aaad961e7ae5d54cab27e8d4ffb5c33) Importer(815301076,1909f56bfc062723c751e8b465ee728b)  -> (artifact id: '9d2649cd08df91a6d2ad1cbaa7f7ec33') in 0.039328 seconds 
========================================================================
Received Import Request.
  Time since last request: 0.000022 seconds.
  path: Assets/KayKit Medieval Builder Pack/Models/tiles/square/fbx/square_sand_waterStraight_empty.fbx
  artifactKey: Guid(b6f29adc60ca2ad4db24d61c41101052) Importer(815301076,1909f56bfc062723c751e8b465ee728b)
Start importing Assets/KayKit Medieval Builder Pack/Models/tiles/square/fbx/square_sand_waterStraight_empty.fbx using Guid(b6f29adc60ca2ad4db24d61c41101052) Importer(815301076,1909f56bfc062723c751e8b465ee728b)  -> (artifact id: '16f32d9b4fc50d01a96eedeaece4eca1') in 0.033913 seconds 
========================================================================
Received Import Request.
  Time since last request: 0.000030 seconds.
  path: Assets/KayKit Medieval Builder Pack/Models/tiles/hex/dae/hex_sand_roadA.dae
  artifactKey: Guid(fe82b124dbd60484f93810ca84edab29) Importer(815301076,1909f56bfc062723c751e8b465ee728b)
Start importing Assets/KayKit Medieval Builder Pack/Models/tiles/hex/dae/hex_sand_roadA.dae using Guid(fe82b124dbd60484f93810ca84edab29) Importer(815301076,1909f56bfc062723c751e8b465ee728b)  -> (artifact id: '8a5b22be625ecb21feba502aa0a32d34') in 0.028182 seconds 
========================================================================
Received Import Request.
  Time since last request: 0.000019 seconds.
  path: Assets/KayKit Medieval Builder Pack/Models/tiles/hex/dae/hex_rock_roadJ.dae
  artifactKey: Guid(d3e32bae1f5ef6b46adb6d40a3b33ff8) Importer(815301076,1909f56bfc062723c751e8b465ee728b)
Start importing Assets/KayKit Medieval Builder Pack/Models/tiles/hex/dae/hex_rock_roadJ.dae using Guid(d3e32bae1f5ef6b46adb6d40a3b33ff8) Importer(815301076,1909f56bfc062723c751e8b465ee728b)  -> (artifact id: 'eafbc19a4afebf81a029dda059134cef') in 0.028763 seconds 
========================================================================
Received Import Request.
  Time since last request: 1.213963 seconds.
  path: Assets/SimpleFX/Materials/FX_GunFlash.mat
  artifactKey: Guid(f1b0fea076fb0574d868f6e3d9523f52) Importer(815301076,1909f56bfc062723c751e8b465ee728b)
Start importing Assets/SimpleFX/Materials/FX_GunFlash.mat using Guid(f1b0fea076fb0574d868f6e3d9523f52) Importer(815301076,1909f56bfc062723c751e8b465ee728b)  -> (artifact id: '5fc95c9f9d8e840b44a5a887229e6ebd') in 0.014532 seconds 
========================================================================
Received Import Request.
  Time since last request: 0.000020 seconds.
  path: Assets/TextMesh Pro/Resources/Fonts & Materials/LiberationSans SDF - Outline.mat
  artifactKey: Guid(79459efec17a4d00a321bdcc27bbc385) Importer(815301076,1909f56bfc062723c751e8b465ee728b)
Start importing Assets/TextMesh Pro/Resources/Fonts & Materials/LiberationSans SDF - Outline.mat using Guid(79459efec17a4d00a321bdcc27bbc385) Importer(815301076,1909f56bfc062723c751e8b465ee728b)  -> (artifact id: 'a170586e01179679d85041e9d770c17c') in 0.115652 seconds 
========================================================================
Received Import Request.
  Time since last request: 0.000029 seconds.
  path: Assets/KayKit Medieval Builder Pack/Models/objects/obj/detail_rocks.obj
  artifactKey: Guid(2a0231a9eba51604dbd7840b5a44a286) Importer(815301076,1909f56bfc062723c751e8b465ee728b)
Start importing Assets/KayKit Medieval Builder Pack/Models/objects/obj/detail_rocks.obj using Guid(2a0231a9eba51604dbd7840b5a44a286) Importer(815301076,1909f56bfc062723c751e8b465ee728b)  -> (artifact id: '9cc62b85a0fb2653cb53efd10372c07d') in 0.028946 seconds 
========================================================================
Received Import Request.
  Time since last request: 0.000028 seconds.
  path: Assets/KayKit Medieval Builder Pack/Models/objects/dae/detail_rocks.dae
  artifactKey: Guid(bb08c119139432c4b854f6d9252dcfb8) Importer(815301076,1909f56bfc062723c751e8b465ee728b)
Start importing Assets/KayKit Medieval Builder Pack/Models/objects/dae/detail_rocks.dae using Guid(bb08c119139432c4b854f6d9252dcfb8) Importer(815301076,1909f56bfc062723c751e8b465ee728b)  -> (artifact id: '966debbb28b13fcebb5ac5b346c86cec') in 0.023371 seconds 
========================================================================
Received Import Request.
  Time since last request: 0.000028 seconds.
  path: Assets/KayKit Medieval Builder Pack/Models/objects/obj/detail_hill.obj
  artifactKey: Guid(c44ef53d08b7b2c4ba24edad657e12ee) Importer(815301076,1909f56bfc062723c751e8b465ee728b)
Start importing Assets/KayKit Medieval Builder Pack/Models/objects/obj/detail_hill.obj using Guid(c44ef53d08b7b2c4ba24edad657e12ee) Importer(815301076,1909f56bfc062723c751e8b465ee728b)  -> (artifact id: '5a67e40d693be7ef3b31fe50d427d0dd') in 0.045929 seconds 
========================================================================
Received Import Request.
  Time since last request: 0.000020 seconds.
  path: Assets/QuickOutline/Resources/Materials/OutlineMask.mat
  artifactKey: Guid(106f3ff43a17d4967a2b64c7a92e49ec) Importer(815301076,1909f56bfc062723c751e8b465ee728b)
Start importing Assets/QuickOutline/Resources/Materials/OutlineMask.mat using Guid(106f3ff43a17d4967a2b64c7a92e49ec) Importer(815301076,1909f56bfc062723c751e8b465ee728b)  -> (artifact id: '6201f7f83ad10704600b609d45c77f24') in 0.019035 seconds 
========================================================================
Received Import Request.
  Time since last request: 0.000023 seconds.
  path: Assets/Materials/MK_Stone.mat
  artifactKey: Guid(f040a960ed412c34294d3416613b015d) Importer(815301076,1909f56bfc062723c751e8b465ee728b)
Start importing Assets/Materials/MK_Stone.mat using Guid(f040a960ed412c34294d3416613b015d) Importer(815301076,1909f56bfc062723c751e8b465ee728b)  -> (artifact id: 'b14c9bbfd8a5534703957459fd55f172') in 0.270521 seconds 
========================================================================
Received Import Request.
  Time since last request: 0.000033 seconds.
  path: Assets/TextMesh Pro/Resources/Fonts & Materials/LiberationSans SDF - Drop Shadow.mat
  artifactKey: Guid(e73a58f6e2794ae7b1b7e50b7fb811b0) Importer(815301076,1909f56bfc062723c751e8b465ee728b)
Start importing Assets/TextMesh Pro/Resources/Fonts & Materials/LiberationSans SDF - Drop Shadow.mat using Guid(e73a58f6e2794ae7b1b7e50b7fb811b0) Importer(815301076,1909f56bfc062723c751e8b465ee728b)  -> (artifact id: 'd35eaec959038775793adc4c78f6566d') in 0.102057 seconds 
========================================================================
Received Import Request.
  Time since last request: 0.000044 seconds.
  path: Assets/KayKit Medieval Builder Pack/Models/objects/obj/archeryrange.obj
  artifactKey: Guid(268d5aed16848b1479ab3bdc123c2439) Importer(815301076,1909f56bfc062723c751e8b465ee728b)
Start importing Assets/KayKit Medieval Builder Pack/Models/objects/obj/archeryrange.obj using Guid(268d5aed16848b1479ab3bdc123c2439) Importer(815301076,1909f56bfc062723c751e8b465ee728b)  -> (artifact id: '2d8f387b7a01ac0f2d2691b6816bf019') in 0.066888 seconds 
========================================================================
Received Import Request.
  Time since last request: 0.000017 seconds.
  path: Assets/SimpleFX/Materials/FX_Splash.mat
  artifactKey: Guid(1ee00051305bdb049b02c923f047227d) Importer(815301076,1909f56bfc062723c751e8b465ee728b)
Start importing Assets/SimpleFX/Materials/FX_Splash.mat using Guid(1ee00051305bdb049b02c923f047227d) Importer(815301076,1909f56bfc062723c751e8b465ee728b)  -> (artifact id: 'a947e304df5e8e1aaee72272e5ccf22f') in 0.013616 seconds 
========================================================================
Received Import Request.
  Time since last request: 0.000020 seconds.
  path: Assets/KayKit Medieval Builder Pack/Models/objects/obj/detail_forestA.obj
  artifactKey: Guid(0ff1a4297175ce3459443212a2f6662d) Importer(815301076,1909f56bfc062723c751e8b465ee728b)
Start importing Assets/KayKit Medieval Builder Pack/Models/objects/obj/detail_forestA.obj using Guid(0ff1a4297175ce3459443212a2f6662d) Importer(815301076,1909f56bfc062723c751e8b465ee728b)  -> (artifact id: 'f9429e9b6d84bd6a35c1e3c5e0b96e44') in 0.054115 seconds 
========================================================================
Received Import Request.
  Time since last request: 174.031723 seconds.
  path: Assets/KayKit Medieval Builder Pack/Models/tiles/hex/obj/hex_sand_roadD.obj
  artifactKey: Guid(23b179fac766c9e4386974566f1dbd2e) Importer(815301076,1909f56bfc062723c751e8b465ee728b)
Start importing Assets/KayKit Medieval Builder Pack/Models/tiles/hex/obj/hex_sand_roadD.obj using Guid(23b179fac766c9e4386974566f1dbd2e) Importer(815301076,1909f56bfc062723c751e8b465ee728b)  -> (artifact id: '93896f9734b045473c1a18e0630cb5f9') in 0.116302 seconds 
========================================================================
Received Import Request.
  Time since last request: 0.000035 seconds.
  path: Assets/KayKit Medieval Builder Pack/Models/tiles/hex/dae/hex_rock_roadL.dae
  artifactKey: Guid(df5096aa76c09424396992a6957248e6) Importer(815301076,1909f56bfc062723c751e8b465ee728b)
Start importing Assets/KayKit Medieval Builder Pack/Models/tiles/hex/dae/hex_rock_roadL.dae using Guid(df5096aa76c09424396992a6957248e6) Importer(815301076,1909f56bfc062723c751e8b465ee728b)  -> (artifact id: 'ff34845b01de59ff619d3075a91a661b') in 0.032258 seconds 
========================================================================
Received Import Request.
  Time since last request: 0.000032 seconds.
  path: Assets/KayKit Medieval Builder Pack/Models/tiles/hex/obj/hex_sand_roadB_detail.obj
  artifactKey: Guid(f8253330db627ab4eabc3b0ce4bb7169) Importer(815301076,1909f56bfc062723c751e8b465ee728b)
Start importing Assets/KayKit Medieval Builder Pack/Models/tiles/hex/obj/hex_sand_roadB_detail.obj using Guid(f8253330db627ab4eabc3b0ce4bb7169) Importer(815301076,1909f56bfc062723c751e8b465ee728b)  -> (artifact id: '8aae660769443d085af3c15ca825c734') in 0.062339 seconds 
========================================================================
Received Import Request.
  Time since last request: 0.000027 seconds.
  path: Assets/KayKit Medieval Builder Pack/Models/tiles/hex/dae/hex_rock_roadL_detail.dae
  artifactKey: Guid(ed716c587e439664ebffaad9cb79e35e) Importer(815301076,1909f56bfc062723c751e8b465ee728b)
Start importing Assets/KayKit Medieval Builder Pack/Models/tiles/hex/dae/hex_rock_roadL_detail.dae using Guid(ed716c587e439664ebffaad9cb79e35e) Importer(815301076,1909f56bfc062723c751e8b465ee728b)  -> (artifact id: '18c213630183ff529a30bf9fd244e4b0') in 0.041104 seconds 
========================================================================
Received Import Request.
  Time since last request: 0.000038 seconds.
  path: Assets/KayKit Medieval Builder Pack/Models/tiles/hex/obj/hex_sand_roadB.obj
  artifactKey: Guid(88e4e3db251ce6649aa9ed80601e59f1) Importer(815301076,1909f56bfc062723c751e8b465ee728b)
Start importing Assets/KayKit Medieval Builder Pack/Models/tiles/hex/obj/hex_sand_roadB.obj using Guid(88e4e3db251ce6649aa9ed80601e59f1) Importer(815301076,1909f56bfc062723c751e8b465ee728b)  -> (artifact id: 'f822abdaaa4c30359b0aaad48813a9b0') in 0.085543 seconds 
========================================================================
Received Import Request.
  Time since last request: 0.175081 seconds.
  path: Assets/KayKit Medieval Builder Pack/Models/tiles/hex/dae/hex_rock_roadI.dae
  artifactKey: Guid(afbf510c35d371944962f48e36f84416) Importer(815301076,1909f56bfc062723c751e8b465ee728b)
Start importing Assets/KayKit Medieval Builder Pack/Models/tiles/hex/dae/hex_rock_roadI.dae using Guid(afbf510c35d371944962f48e36f84416) Importer(815301076,1909f56bfc062723c751e8b465ee728b)  -> (artifact id: 'bd9e8e5eee2e4a60efde82121abbce51') in 0.104863 seconds 
========================================================================
Received Import Request.
  Time since last request: 0.000021 seconds.
  path: Assets/KayKit Medieval Builder Pack/Models/tiles/square/fbx/square_sand_waterInnerCorner_noSides.fbx
  artifactKey: Guid(adbe251910e4df94da45d494d22237d2) Importer(815301076,1909f56bfc062723c751e8b465ee728b)
Start importing Assets/KayKit Medieval Builder Pack/Models/tiles/square/fbx/square_sand_waterInnerCorner_noSides.fbx using Guid(adbe251910e4df94da45d494d22237d2) Importer(815301076,1909f56bfc062723c751e8b465ee728b)  -> (artifact id: '7c26e67c12cc2506f0170dc57a4b9bbf') in 0.058562 seconds 
========================================================================
Received Import Request.
  Time since last request: 0.000023 seconds.
  path: Assets/KayKit Medieval Builder Pack/Models/tiles/hex/dae/hex_sand_waterD.dae
  artifactKey: Guid(af67a7557f336614e9804e7b58d5ec58) Importer(815301076,1909f56bfc062723c751e8b465ee728b)
Start importing Assets/KayKit Medieval Builder Pack/Models/tiles/hex/dae/hex_sand_waterD.dae using Guid(af67a7557f336614e9804e7b58d5ec58) Importer(815301076,1909f56bfc062723c751e8b465ee728b)  -> (artifact id: 'bd58ba26d1bb5749f0e9d56de223b2dc') in 0.032503 seconds 
========================================================================
Received Import Request.
  Time since last request: 0.000030 seconds.
  path: Assets/KayKit Medieval Builder Pack/Models/tiles/hex/dae/hex_sand_waterB_empty.dae
  artifactKey: Guid(7cda2698259d6f043a967de87c62247f) Importer(815301076,1909f56bfc062723c751e8b465ee728b)
Start importing Assets/KayKit Medieval Builder Pack/Models/tiles/hex/dae/hex_sand_waterB_empty.dae using Guid(7cda2698259d6f043a967de87c62247f) Importer(815301076,1909f56bfc062723c751e8b465ee728b)  -> (artifact id: '3caea31c338cf93616e0470659c6532a') in 0.028794 seconds 
========================================================================
Received Import Request.
  Time since last request: 0.000027 seconds.
  path: Assets/KayKit Medieval Builder Pack/Models/tiles/hex/dae/hex_sand_waterD_empty.dae
  artifactKey: Guid(44c67b7ce9796194789f213763bffe93) Importer(815301076,1909f56bfc062723c751e8b465ee728b)
Start importing Assets/KayKit Medieval Builder Pack/Models/tiles/hex/dae/hex_sand_waterD_empty.dae using Guid(44c67b7ce9796194789f213763bffe93) Importer(815301076,1909f56bfc062723c751e8b465ee728b)  -> (artifact id: '9bc4e94e2a7560b7e2ca05d9f73eb142') in 0.029869 seconds 
========================================================================
Received Import Request.
  Time since last request: 0.000035 seconds.
  path: Assets/KayKit Medieval Builder Pack/Models/tiles/square/fbx/square_sand_waterOuterCorner_empty.fbx
  artifactKey: Guid(11e7eabd6c90994429ee21af569a4d34) Importer(815301076,1909f56bfc062723c751e8b465ee728b)
Start importing Assets/KayKit Medieval Builder Pack/Models/tiles/square/fbx/square_sand_waterOuterCorner_empty.fbx using Guid(11e7eabd6c90994429ee21af569a4d34) Importer(815301076,1909f56bfc062723c751e8b465ee728b)  -> (artifact id: 'd8babb75b54a1b971e3f314a8d60c335') in 0.062550 seconds 
========================================================================
Received Import Request.
  Time since last request: 0.000021 seconds.
  path: Assets/KayKit Medieval Builder Pack/Models/tiles/hex/dae/hex_sand_roadG.dae
  artifactKey: Guid(d7db1106af3bf2c46b7857e0b961d0b1) Importer(815301076,1909f56bfc062723c751e8b465ee728b)
Start importing Assets/KayKit Medieval Builder Pack/Models/tiles/hex/dae/hex_sand_roadG.dae using Guid(d7db1106af3bf2c46b7857e0b961d0b1) Importer(815301076,1909f56bfc062723c751e8b465ee728b)  -> (artifact id: 'cb21852530f6c914dbe88ae7c3bd188b') in 0.025875 seconds 
========================================================================
Received Import Request.
  Time since last request: 0.000019 seconds.
  path: Assets/KayKit Medieval Builder Pack/Models/tiles/hex/dae/hex_sand_waterB_detail.dae
  artifactKey: Guid(ff188876f26b7894a9477bf33ac9d200) Importer(815301076,1909f56bfc062723c751e8b465ee728b)
Start importing Assets/KayKit Medieval Builder Pack/Models/tiles/hex/dae/hex_sand_waterB_detail.dae using Guid(ff188876f26b7894a9477bf33ac9d200) Importer(815301076,1909f56bfc062723c751e8b465ee728b)  -> (artifact id: '0013a14c5251f02bcb5def978393630e') in 0.035685 seconds 
========================================================================
Received Import Request.
  Time since last request: 0.175912 seconds.
  path: Assets/KayKit Medieval Builder Pack/Models/tiles/hex/fbx/hex_forest_roadA.fbx
  artifactKey: Guid(832d735dff847524ca85a8c10d518332) Importer(815301076,1909f56bfc062723c751e8b465ee728b)
Start importing Assets/KayKit Medieval Builder Pack/Models/tiles/hex/fbx/hex_forest_roadA.fbx using Guid(832d735dff847524ca85a8c10d518332) Importer(815301076,1909f56bfc062723c751e8b465ee728b)  -> (artifact id: 'f72c422b7b6be1db6b5b21a792312409') in 0.030712 seconds 
========================================================================
Received Import Request.
  Time since last request: 0.000022 seconds.
  path: Assets/KayKit Medieval Builder Pack/Models/tiles/hex/dae/hex_sand_roadL.dae
  artifactKey: Guid(fc5c66c81b6dff24992ae96b682a67c7) Importer(815301076,1909f56bfc062723c751e8b465ee728b)
Start importing Assets/KayKit Medieval Builder Pack/Models/tiles/hex/dae/hex_sand_roadL.dae using Guid(fc5c66c81b6dff24992ae96b682a67c7) Importer(815301076,1909f56bfc062723c751e8b465ee728b)  -> (artifact id: '3fd5ac8e5fcc3079225ac3bec918edd2') in 0.031207 seconds 
========================================================================
Received Import Request.
  Time since last request: 0.000035 seconds.
  path: Assets/KayKit Medieval Builder Pack/Models/tiles/hex/dae/hex_sand_transitionA.dae
  artifactKey: Guid(4e60d53f67a7af449adcf3727850f1e3) Importer(815301076,1909f56bfc062723c751e8b465ee728b)
Start importing Assets/KayKit Medieval Builder Pack/Models/tiles/hex/dae/hex_sand_transitionA.dae using Guid(4e60d53f67a7af449adcf3727850f1e3) Importer(815301076,1909f56bfc062723c751e8b465ee728b)  -> (artifact id: '2c2a63d2bc66e9aa9c113f9641a22362') in 0.041235 seconds 
========================================================================
Received Import Request.
  Time since last request: 0.000022 seconds.
  path: Assets/KayKit Medieval Builder Pack/Models/tiles/hex/dae/hex_sand_roadM_detail.dae
  artifactKey: Guid(de28eebd6bdd0dd4c9fbce52ae83ed04) Importer(815301076,1909f56bfc062723c751e8b465ee728b)
Start importing Assets/KayKit Medieval Builder Pack/Models/tiles/hex/dae/hex_sand_roadM_detail.dae using Guid(de28eebd6bdd0dd4c9fbce52ae83ed04) Importer(815301076,1909f56bfc062723c751e8b465ee728b)  -> (artifact id: '6738fafc060bc2df120d5204174820de') in 0.034579 seconds 
========================================================================
Received Import Request.
  Time since last request: 0.000020 seconds.
  path: Assets/KayKit Medieval Builder Pack/Models/tiles/square/fbx/square_sand_waterOuterCorner_noSides.fbx
  artifactKey: Guid(85453fb4e574b404684b6124a76da8fd) Importer(815301076,1909f56bfc062723c751e8b465ee728b)
Start importing Assets/KayKit Medieval Builder Pack/Models/tiles/square/fbx/square_sand_waterOuterCorner_noSides.fbx using Guid(85453fb4e574b404684b6124a76da8fd) Importer(815301076,1909f56bfc062723c751e8b465ee728b)  -> (artifact id: '4fb7133df5423e992c0208a49fb7462b') in 0.035633 seconds 
========================================================================
Received Import Request.
  Time since last request: 0.000022 seconds.
  path: Assets/KayKit Medieval Builder Pack/Models/tiles/hex/fbx/hex_forest_roadA_detail.fbx
  artifactKey: Guid(2fc91d544b6fa1d4c807854fc74d5fa0) Importer(815301076,1909f56bfc062723c751e8b465ee728b)
Start importing Assets/KayKit Medieval Builder Pack/Models/tiles/hex/fbx/hex_forest_roadA_detail.fbx using Guid(2fc91d544b6fa1d4c807854fc74d5fa0) Importer(815301076,1909f56bfc062723c751e8b465ee728b)  -> (artifact id: '6b47d29846a90d0f23e1a517b677ea95') in 0.081218 seconds 
========================================================================
Received Import Request.
  Time since last request: 0.000023 seconds.
  path: Assets/KayKit Medieval Builder Pack/Models/tiles/hex/dae/hex_sand_roadM.dae
  artifactKey: Guid(6d3344d87933496488280702d10f6fc0) Importer(815301076,1909f56bfc062723c751e8b465ee728b)
Start importing Assets/KayKit Medieval Builder Pack/Models/tiles/hex/dae/hex_sand_roadM.dae using Guid(6d3344d87933496488280702d10f6fc0) Importer(815301076,1909f56bfc062723c751e8b465ee728b)  -> (artifact id: '7e0ee27a24c17f607ff72f1287a63b11') in 0.029098 seconds 
========================================================================
Received Import Request.
  Time since last request: 0.000025 seconds.
  path: Assets/KayKit Medieval Builder Pack/Models/tiles/hex/dae/hex_sand_waterB.dae
  artifactKey: Guid(097d8d4d4fcdd5f49b1c7908f63f4430) Importer(815301076,1909f56bfc062723c751e8b465ee728b)
Start importing Assets/KayKit Medieval Builder Pack/Models/tiles/hex/dae/hex_sand_waterB.dae using Guid(097d8d4d4fcdd5f49b1c7908f63f4430) Importer(815301076,1909f56bfc062723c751e8b465ee728b)  -> (artifact id: '0b9aeca3b105b0db000441d476699a07') in 0.027037 seconds 
========================================================================
Received Import Request.
  Time since last request: 0.000019 seconds.
  path: Assets/KayKit Medieval Builder Pack/Models/tiles/hex/dae/hex_sand_waterA_detail.dae
  artifactKey: Guid(9a69624085c949b4688643b30f9861d1) Importer(815301076,1909f56bfc062723c751e8b465ee728b)
Start importing Assets/KayKit Medieval Builder Pack/Models/tiles/hex/dae/hex_sand_waterA_detail.dae using Guid(9a69624085c949b4688643b30f9861d1) Importer(815301076,1909f56bfc062723c751e8b465ee728b)  -> (artifact id: '67638006b1f31b94b14d586789655166') in 0.034948 seconds 
========================================================================
Received Import Request.
  Time since last request: 0.000046 seconds.
  path: Assets/KayKit Medieval Builder Pack/Models/tiles/hex/dae/hex_sand_roadJ_detail.dae
  artifactKey: Guid(ea480573a6d7e51459e6eecba67e8e80) Importer(815301076,1909f56bfc062723c751e8b465ee728b)
Start importing Assets/KayKit Medieval Builder Pack/Models/tiles/hex/dae/hex_sand_roadJ_detail.dae using Guid(ea480573a6d7e51459e6eecba67e8e80) Importer(815301076,1909f56bfc062723c751e8b465ee728b)  -> (artifact id: 'a935b51ecf23e7e5b9bb13c92f981d32') in 0.035842 seconds 
========================================================================
Received Import Request.
  Time since last request: 0.116374 seconds.
  path: Assets/KayKit Medieval Builder Pack/Models/tiles/hex/dae/hex_sand_waterA.dae
  artifactKey: Guid(299395831ab806942adfa8649783e16c) Importer(815301076,1909f56bfc062723c751e8b465ee728b)
Start importing Assets/KayKit Medieval Builder Pack/Models/tiles/hex/dae/hex_sand_waterA.dae using Guid(299395831ab806942adfa8649783e16c) Importer(815301076,1909f56bfc062723c751e8b465ee728b)  -> (artifact id: '7d44f5d670852a5cc854ece72fc73b52') in 0.034427 seconds 
========================================================================
Received Import Request.
  Time since last request: 0.000024 seconds.
  path: Assets/KayKit Medieval Builder Pack/Models/tiles/hex/dae/hex_sand_waterA_empty.dae
  artifactKey: Guid(11be028144f4a264ebc74f59b1e1938b) Importer(815301076,1909f56bfc062723c751e8b465ee728b)
Start importing Assets/KayKit Medieval Builder Pack/Models/tiles/hex/dae/hex_sand_waterA_empty.dae using Guid(11be028144f4a264ebc74f59b1e1938b) Importer(815301076,1909f56bfc062723c751e8b465ee728b)  -> (artifact id: '3084f0599fe6e521cea5e3773a064dc9') in 0.045347 seconds 
========================================================================
Received Import Request.
  Time since last request: 0.000026 seconds.
  path: Assets/KayKit Medieval Builder Pack/Models/tiles/hex/dae/hex_forest_roadG_detail.dae
  artifactKey: Guid(a32e18f32477faf4a9f8c464b16b50aa) Importer(815301076,1909f56bfc062723c751e8b465ee728b)
Start importing Assets/KayKit Medieval Builder Pack/Models/tiles/hex/dae/hex_forest_roadG_detail.dae using Guid(a32e18f32477faf4a9f8c464b16b50aa) Importer(815301076,1909f56bfc062723c751e8b465ee728b)  -> (artifact id: 'db6503a53276c8305e33c503fede594b') in 0.038250 seconds 
========================================================================
Received Import Request.
  Time since last request: 0.000030 seconds.
  path: Assets/KayKit Medieval Builder Pack/Models/tiles/square/fbx/square_sand_waterStraight.fbx
  artifactKey: Guid(998baa20c19c0634baa96aa39fd46555) Importer(815301076,1909f56bfc062723c751e8b465ee728b)
Start importing Assets/KayKit Medieval Builder Pack/Models/tiles/square/fbx/square_sand_waterStraight.fbx using Guid(998baa20c19c0634baa96aa39fd46555) Importer(815301076,1909f56bfc062723c751e8b465ee728b)  -> (artifact id: 'b6f3fa84f0c50baf922107cdfd874fce') in 0.034612 seconds 
========================================================================
Received Import Request.
  Time since last request: 0.000025 seconds.
  path: Assets/KayKit Medieval Builder Pack/Models/tiles/hex/fbx/hex_forest_roadB_detail.fbx
  artifactKey: Guid(87ea57539c655954eb990980fd591b36) Importer(815301076,1909f56bfc062723c751e8b465ee728b)
Start importing Assets/KayKit Medieval Builder Pack/Models/tiles/hex/fbx/hex_forest_roadB_detail.fbx using Guid(87ea57539c655954eb990980fd591b36) Importer(815301076,1909f56bfc062723c751e8b465ee728b)  -> (artifact id: 'd8d040a1a0c71da8010ecdcc4cc39a73') in 0.089163 seconds 
========================================================================
Received Import Request.
  Time since last request: 6.473713 seconds.
  path: Assets/_MK/MKToonFree/Demo/Materials/ratBody0.mat
  artifactKey: Guid(fcc2be2976714e442b03101792822adb) Importer(815301076,1909f56bfc062723c751e8b465ee728b)
Start importing Assets/_MK/MKToonFree/Demo/Materials/ratBody0.mat using Guid(fcc2be2976714e442b03101792822adb) Importer(815301076,1909f56bfc062723c751e8b465ee728b)  -> (artifact id: '360effa4ff07054274afa8dcc799ffe4') in 0.081338 seconds 
========================================================================
Received Import Request.
  Time since last request: 0.000019 seconds.
  path: Assets/KayKit Medieval Builder Pack/Models/objects/fbx/lumbermill.fbx
  artifactKey: Guid(e0d1708478945274f88be781119627be) Importer(815301076,1909f56bfc062723c751e8b465ee728b)
Start importing Assets/KayKit Medieval Builder Pack/Models/objects/fbx/lumbermill.fbx using Guid(e0d1708478945274f88be781119627be) Importer(815301076,1909f56bfc062723c751e8b465ee728b)  -> (artifact id: 'a9c0c85f7fd6838014f8d80ea8a51df4') in 0.076394 seconds 
========================================================================
Received Import Request.
  Time since last request: 0.000032 seconds.
  path: Assets/_MK/MKToonFree/Demo/Materials/ratHead0.mat
  artifactKey: Guid(15c445fcac217ff45be0e2800e652e50) Importer(815301076,1909f56bfc062723c751e8b465ee728b)
Start importing Assets/_MK/MKToonFree/Demo/Materials/ratHead0.mat using Guid(15c445fcac217ff45be0e2800e652e50) Importer(815301076,1909f56bfc062723c751e8b465ee728b)  -> (artifact id: 'ebf65a38e4191c2d2bd183d169abca50') in 0.041735 seconds 
========================================================================
Received Import Request.
  Time since last request: 0.000051 seconds.
  path: Assets/KayKit Medieval Builder Pack/Models/objects/fbx/wall_hexCornerB.fbx
  artifactKey: Guid(d7c98e764907f614ea7c1415b3a2a919) Importer(815301076,1909f56bfc062723c751e8b465ee728b)
Start importing Assets/KayKit Medieval Builder Pack/Models/objects/fbx/wall_hexCornerB.fbx using Guid(d7c98e764907f614ea7c1415b3a2a919) Importer(815301076,1909f56bfc062723c751e8b465ee728b)  -> (artifact id: 'ecc7332870510438b2379f427d97c6f8') in 0.055769 seconds 
========================================================================
Received Import Request.
  Time since last request: 0.000149 seconds.
  path: Assets/_MK/MKToonFree/Demo/Materials/ratBody1.mat
  artifactKey: Guid(42e400c73cab96247859af00fcfa83bc) Importer(815301076,1909f56bfc062723c751e8b465ee728b)
Start importing Assets/_MK/MKToonFree/Demo/Materials/ratBody1.mat using Guid(42e400c73cab96247859af00fcfa83bc) Importer(815301076,1909f56bfc062723c751e8b465ee728b)  -> (artifact id: 'ac4cd46eda818bc94e02bf9f96cd1c20') in 0.017162 seconds 
========================================================================
Received Import Request.
  Time since last request: 0.000027 seconds.
  path: Assets/KayKit Medieval Builder Pack/Models/objects/fbx/wall_straight.fbx
  artifactKey: Guid(60ce0cb6780b63a4dba04160c78b1cc6) Importer(815301076,1909f56bfc062723c751e8b465ee728b)
Start importing Assets/KayKit Medieval Builder Pack/Models/objects/fbx/wall_straight.fbx using Guid(60ce0cb6780b63a4dba04160c78b1cc6) Importer(815301076,1909f56bfc062723c751e8b465ee728b)  -> (artifact id: 'c95fd4c3659b307e6fdd50ab0100ade9') in 0.029961 seconds 
========================================================================
Received Import Request.
  Time since last request: 0.000019 seconds.
  path: Assets/_MK/MKToonFree/Demo/Materials/ratHead1.mat
  artifactKey: Guid(2a286025ee9e8ea4eb426dfc2540c4da) Importer(815301076,1909f56bfc062723c751e8b465ee728b)
Start importing Assets/_MK/MKToonFree/Demo/Materials/ratHead1.mat using Guid(2a286025ee9e8ea4eb426dfc2540c4da) Importer(815301076,1909f56bfc062723c751e8b465ee728b)  -> (artifact id: '4719922fe085c40aa3c3b21265c8874e') in 0.017930 seconds 
========================================================================
Received Import Request.
  Time since last request: 0.000019 seconds.
  path: Assets/KayKit Medieval Builder Pack/Models/objects/fbx/mine.fbx
  artifactKey: Guid(d82fa3decb603d8449301735a7acfba0) Importer(815301076,1909f56bfc062723c751e8b465ee728b)
Start importing Assets/KayKit Medieval Builder Pack/Models/objects/fbx/mine.fbx using Guid(d82fa3decb603d8449301735a7acfba0) Importer(815301076,1909f56bfc062723c751e8b465ee728b)  -> (artifact id: 'af838a0525961e9f04165d51fc54f61c') in 0.071764 seconds 
========================================================================
Received Import Request.
  Time since last request: 0.000022 seconds.
  path: Assets/KayKit Medieval Builder Pack/Models/objects/fbx/mill.fbx
  artifactKey: Guid(feab207c60ba8ff4095a12658a3458e0) Importer(815301076,1909f56bfc062723c751e8b465ee728b)
Start importing Assets/KayKit Medieval Builder Pack/Models/objects/fbx/mill.fbx using Guid(feab207c60ba8ff4095a12658a3458e0) Importer(815301076,1909f56bfc062723c751e8b465ee728b)  -> (artifact id: 'db8ffa677a490fd756ddcf3d5f0a3343') in 0.146582 seconds 
========================================================================
Received Import Request.
  Time since last request: 0.000041 seconds.
  path: Assets/KayKit Medieval Builder Pack/Models/objects/fbx/watchtower.fbx
  artifactKey: Guid(62ab71503f54700489bfeaee9392cf79) Importer(815301076,1909f56bfc062723c751e8b465ee728b)
Start importing Assets/KayKit Medieval Builder Pack/Models/objects/fbx/watchtower.fbx using Guid(62ab71503f54700489bfeaee9392cf79) Importer(815301076,1909f56bfc062723c751e8b465ee728b)  -> (artifact id: '2f3605f953d73340237c7674cd56621e') in 0.052126 seconds 
========================================================================
Received Import Request.
  Time since last request: 0.000028 seconds.
  path: Assets/KayKit Medieval Builder Pack/Models/objects/fbx/wall_gate_closed.fbx
  artifactKey: Guid(425fb4661276d55418ec0840029ffb7c) Importer(815301076,1909f56bfc062723c751e8b465ee728b)
Start importing Assets/KayKit Medieval Builder Pack/Models/objects/fbx/wall_gate_closed.fbx using Guid(425fb4661276d55418ec0840029ffb7c) Importer(815301076,1909f56bfc062723c751e8b465ee728b)  -> (artifact id: '36ecfa829793a46497609892fb950a4f') in 0.054477 seconds 
========================================================================
Received Import Request.
  Time since last request: 0.000026 seconds.
  path: Assets/KayKit Medieval Builder Pack/Models/objects/fbx/wall_hexCornerA.fbx
  artifactKey: Guid(bfc6502b7fd51c148a5b192a29c62248) Importer(815301076,1909f56bfc062723c751e8b465ee728b)
Start importing Assets/KayKit Medieval Builder Pack/Models/objects/fbx/wall_hexCornerA.fbx using Guid(bfc6502b7fd51c148a5b192a29c62248) Importer(815301076,1909f56bfc062723c751e8b465ee728b)  -> (artifact id: '69c95a8d0d6e5e07ead1a2bac1db466f') in 0.065775 seconds 
========================================================================
Received Import Request.
  Time since last request: 0.000022 seconds.
  path: Assets/KayKit Medieval Builder Pack/Models/objects/dae/archeryrange.dae
  artifactKey: Guid(6a8cc3f2c6d37534a97910a14df62062) Importer(815301076,1909f56bfc062723c751e8b465ee728b)
Start importing Assets/KayKit Medieval Builder Pack/Models/objects/dae/archeryrange.dae using Guid(6a8cc3f2c6d37534a97910a14df62062) Importer(815301076,1909f56bfc062723c751e8b465ee728b)  -> (artifact id: 'c89d8989d088570b1d84991947f7be4d') in 0.054996 seconds 
========================================================================
Received Prepare
Registering precompiled user dll's ...
Registered in 0.002355 seconds.
Begin MonoManager ReloadAssembly
Native extension for WindowsStandalone target not found
Native extension for WebGL target not found
Refreshing native plugins compatible for Editor in 0.99 ms, found 2 plugins.
Preloading 0 native plugins for Editor in 0.00 ms.
Mono: successfully reloaded assembly
- Completed reload, in  0.931 seconds
Domain Reload Profiling:
	ReloadAssembly (932ms)
		BeginReloadAssembly (112ms)
			ExecutionOrderSort (0ms)
			DisableScriptedObjects (3ms)
			BackupInstance (0ms)
			ReleaseScriptingObjects (0ms)
			CreateAndSetChildDomain (36ms)
		EndReloadAssembly (726ms)
			LoadAssemblies (78ms)
			RebuildTransferFunctionScriptingTraits (0ms)
			SetupTypeCache (207ms)
			ReleaseScriptCaches (1ms)
			RebuildScriptCaches (85ms)
			SetupLoadedEditorAssemblies (309ms)
				LogAssemblyErrors (0ms)
				InitializePlatformSupportModulesInManaged (16ms)
				SetLoadedEditorAssemblies (1ms)
				RefreshPlugins (1ms)
				BeforeProcessingInitializeOnLoad (41ms)
				ProcessInitializeOnLoadAttributes (224ms)
				ProcessInitializeOnLoadMethodAttributes (23ms)
				AfterProcessingInitializeOnLoad (3ms)
				EditorAssembliesLoaded (0ms)
			ExecutionOrderSort2 (0ms)
			AwakeInstancesAfterBackupRestoration (7ms)
Platform modules already initialized, skipping
Refreshing native plugins compatible for Editor in 1.26 ms, found 2 plugins.
Preloading 0 native plugins for Editor in 0.00 ms.
Unloading 1807 Unused Serialized files (Serialized files now loaded: 0)
Unloading 28 unused Assets / (1.3 MB). Loaded Objects now: 2368.
Memory consumption went from 91.4 MB to 90.1 MB.
Total: 10.408300 ms (FindLiveObjects: 0.352600 ms CreateObjectMapping: 3.863700 ms MarkObjects: 5.277000 ms  DeleteObjects: 0.912800 ms)

AssetImportParameters requested are different than current active one (requested -> active):
  custom:video-decoder-ogg-theora: a1e56fd34408186e4bbccfd4996cb3dc -> 
  custom:container-muxer-webm: aa71ff27fc2769a1b78a27578f13a17b -> 
  custom:container-demuxer-webm: 4f35f7cbe854078d1ac9338744f61a02 -> 
  custom:video-encoder-webm-vp8: eb34c28f22e8b96e1ab97ce403110664 -> 
  custom:audio-encoder-webm-vorbis: bf7c407c2cedff20999df2af8eb42d56 -> 
  custom:framework-win-MediaFoundation: 216162199b28c13a410421893ffa2e32 -> 
  custom:container-demuxer-ogg: 62fdf1f143b41e24485cea50d1cbac27 -> 
  custom:video-decoder-webm-vp8: 9c59270c3fd7afecdb556c50c9e8de78 -> 
  custom:audio-decoder-ogg-vorbis: bf7c407c2cedff20999df2af8eb42d56 -> 
========================================================================
Received Prepare
Registering precompiled user dll's ...
Registered in 0.002646 seconds.
Begin MonoManager ReloadAssembly
Native extension for WindowsStandalone target not found
Native extension for WebGL target not found
Refreshing native plugins compatible for Editor in 0.69 ms, found 2 plugins.
Preloading 0 native plugins for Editor in 0.00 ms.
Mono: successfully reloaded assembly
- Completed reload, in  0.899 seconds
Domain Reload Profiling:
	ReloadAssembly (900ms)
		BeginReloadAssembly (122ms)
			ExecutionOrderSort (0ms)
			DisableScriptedObjects (4ms)
			BackupInstance (0ms)
			ReleaseScriptingObjects (0ms)
			CreateAndSetChildDomain (37ms)
		EndReloadAssembly (637ms)
			LoadAssemblies (71ms)
			RebuildTransferFunctionScriptingTraits (0ms)
			SetupTypeCache (212ms)
			ReleaseScriptCaches (1ms)
			RebuildScriptCaches (34ms)
			SetupLoadedEditorAssemblies (299ms)
				LogAssemblyErrors (0ms)
				InitializePlatformSupportModulesInManaged (12ms)
				SetLoadedEditorAssemblies (0ms)
				RefreshPlugins (1ms)
				BeforeProcessingInitializeOnLoad (44ms)
				ProcessInitializeOnLoadAttributes (214ms)
				ProcessInitializeOnLoadMethodAttributes (25ms)
				AfterProcessingInitializeOnLoad (3ms)
				EditorAssembliesLoaded (0ms)
			ExecutionOrderSort2 (0ms)
			AwakeInstancesAfterBackupRestoration (5ms)
Platform modules already initialized, skipping
Refreshing native plugins compatible for Editor in 6.05 ms, found 2 plugins.
Preloading 0 native plugins for Editor in 0.00 ms.
Unloading 1807 Unused Serialized files (Serialized files now loaded: 0)
Unloading 28 unused Assets / (1.3 MB). Loaded Objects now: 2371.
Memory consumption went from 91.4 MB to 90.1 MB.
Total: 2.964600 ms (FindLiveObjects: 0.177500 ms CreateObjectMapping: 0.046200 ms MarkObjects: 2.401900 ms  DeleteObjects: 0.336600 ms)

AssetImportParameters requested are different than current active one (requested -> active):
  custom:video-decoder-ogg-theora: a1e56fd34408186e4bbccfd4996cb3dc -> 
  custom:container-muxer-webm: aa71ff27fc2769a1b78a27578f13a17b -> 
  custom:container-demuxer-webm: 4f35f7cbe854078d1ac9338744f61a02 -> 
  custom:video-encoder-webm-vp8: eb34c28f22e8b96e1ab97ce403110664 -> 
  custom:audio-encoder-webm-vorbis: bf7c407c2cedff20999df2af8eb42d56 -> 
  custom:framework-win-MediaFoundation: 216162199b28c13a410421893ffa2e32 -> 
  custom:container-demuxer-ogg: 62fdf1f143b41e24485cea50d1cbac27 -> 
  custom:video-decoder-webm-vp8: 9c59270c3fd7afecdb556c50c9e8de78 -> 
  custom:audio-decoder-ogg-vorbis: bf7c407c2cedff20999df2af8eb42d56 -> 
========================================================================
Received Prepare
Registering precompiled user dll's ...
Registered in 0.002880 seconds.
Begin MonoManager ReloadAssembly
Native extension for WindowsStandalone target not found
Native extension for WebGL target not found
Refreshing native plugins compatible for Editor in 0.69 ms, found 2 plugins.
Preloading 0 native plugins for Editor in 0.00 ms.
Mono: successfully reloaded assembly
- Completed reload, in  0.866 seconds
Domain Reload Profiling:
	ReloadAssembly (867ms)
		BeginReloadAssembly (118ms)
			ExecutionOrderSort (0ms)
			DisableScriptedObjects (6ms)
			BackupInstance (0ms)
			ReleaseScriptingObjects (0ms)
			CreateAndSetChildDomain (30ms)
		EndReloadAssembly (633ms)
			LoadAssemblies (72ms)
			RebuildTransferFunctionScriptingTraits (0ms)
			SetupTypeCache (199ms)
			ReleaseScriptCaches (1ms)
			RebuildScriptCaches (31ms)
			SetupLoadedEditorAssemblies (304ms)
				LogAssemblyErrors (0ms)
				InitializePlatformSupportModulesInManaged (11ms)
				SetLoadedEditorAssemblies (0ms)
				RefreshPlugins (1ms)
				BeforeProcessingInitializeOnLoad (38ms)
				ProcessInitializeOnLoadAttributes (219ms)
				ProcessInitializeOnLoadMethodAttributes (27ms)
				AfterProcessingInitializeOnLoad (7ms)
				EditorAssembliesLoaded (0ms)
			ExecutionOrderSort2 (0ms)
			AwakeInstancesAfterBackupRestoration (5ms)
Platform modules already initialized, skipping
Refreshing native plugins compatible for Editor in 1.26 ms, found 2 plugins.
Preloading 0 native plugins for Editor in 0.00 ms.
Unloading 1807 Unused Serialized files (Serialized files now loaded: 0)
Unloading 28 unused Assets / (1.3 MB). Loaded Objects now: 2374.
Memory consumption went from 91.4 MB to 90.1 MB.
Total: 2.426100 ms (FindLiveObjects: 0.186500 ms CreateObjectMapping: 0.044600 ms MarkObjects: 1.920700 ms  DeleteObjects: 0.272500 ms)

AssetImportParameters requested are different than current active one (requested -> active):
  custom:video-decoder-ogg-theora: a1e56fd34408186e4bbccfd4996cb3dc -> 
  custom:container-muxer-webm: aa71ff27fc2769a1b78a27578f13a17b -> 
  custom:container-demuxer-webm: 4f35f7cbe854078d1ac9338744f61a02 -> 
  custom:video-encoder-webm-vp8: eb34c28f22e8b96e1ab97ce403110664 -> 
  custom:audio-encoder-webm-vorbis: bf7c407c2cedff20999df2af8eb42d56 -> 
  custom:framework-win-MediaFoundation: 216162199b28c13a410421893ffa2e32 -> 
  custom:container-demuxer-ogg: 62fdf1f143b41e24485cea50d1cbac27 -> 
  custom:video-decoder-webm-vp8: 9c59270c3fd7afecdb556c50c9e8de78 -> 
  custom:audio-decoder-ogg-vorbis: bf7c407c2cedff20999df2af8eb42d56 -> 
========================================================================
Received Prepare
Registering precompiled user dll's ...
Registered in 0.004746 seconds.
Begin MonoManager ReloadAssembly
Native extension for WindowsStandalone target not found
Native extension for WebGL target not found
Refreshing native plugins compatible for Editor in 1.12 ms, found 2 plugins.
Preloading 0 native plugins for Editor in 0.00 ms.
Mono: successfully reloaded assembly
- Completed reload, in  0.900 seconds
Domain Reload Profiling:
	ReloadAssembly (901ms)
		BeginReloadAssembly (161ms)
			ExecutionOrderSort (0ms)
			DisableScriptedObjects (7ms)
			BackupInstance (0ms)
			ReleaseScriptingObjects (0ms)
			CreateAndSetChildDomain (39ms)
		EndReloadAssembly (661ms)
			LoadAssemblies (64ms)
			RebuildTransferFunctionScriptingTraits (0ms)
			SetupTypeCache (180ms)
			ReleaseScriptCaches (1ms)
			RebuildScriptCaches (30ms)
			SetupLoadedEditorAssemblies (354ms)
				LogAssemblyErrors (0ms)
				InitializePlatformSupportModulesInManaged (24ms)
				SetLoadedEditorAssemblies (1ms)
				RefreshPlugins (1ms)
				BeforeProcessingInitializeOnLoad (58ms)
				ProcessInitializeOnLoadAttributes (241ms)
				ProcessInitializeOnLoadMethodAttributes (25ms)
				AfterProcessingInitializeOnLoad (3ms)
				EditorAssembliesLoaded (0ms)
			ExecutionOrderSort2 (0ms)
			AwakeInstancesAfterBackupRestoration (5ms)
Platform modules already initialized, skipping
Refreshing native plugins compatible for Editor in 2.34 ms, found 2 plugins.
Preloading 0 native plugins for Editor in 0.00 ms.
Unloading 1807 Unused Serialized files (Serialized files now loaded: 0)
Unloading 28 unused Assets / (1.3 MB). Loaded Objects now: 2377.
Memory consumption went from 91.5 MB to 90.1 MB.
Total: 2.793800 ms (FindLiveObjects: 0.189100 ms CreateObjectMapping: 0.045500 ms MarkObjects: 2.178300 ms  DeleteObjects: 0.379900 ms)

AssetImportParameters requested are different than current active one (requested -> active):
  custom:video-decoder-ogg-theora: a1e56fd34408186e4bbccfd4996cb3dc -> 
  custom:container-muxer-webm: aa71ff27fc2769a1b78a27578f13a17b -> 
  custom:container-demuxer-webm: 4f35f7cbe854078d1ac9338744f61a02 -> 
  custom:video-encoder-webm-vp8: eb34c28f22e8b96e1ab97ce403110664 -> 
  custom:audio-encoder-webm-vorbis: bf7c407c2cedff20999df2af8eb42d56 -> 
  custom:framework-win-MediaFoundation: 216162199b28c13a410421893ffa2e32 -> 
  custom:container-demuxer-ogg: 62fdf1f143b41e24485cea50d1cbac27 -> 
  custom:video-decoder-webm-vp8: 9c59270c3fd7afecdb556c50c9e8de78 -> 
  custom:audio-decoder-ogg-vorbis: bf7c407c2cedff20999df2af8eb42d56 -> 
