Using pre-set license
Built from '2020.3/release' branch; Version is '2020.3.12f1 (b3b2c6512326) revision 11776710'; Using compiler version '192528614'; Build Type 'Release'
OS: 'Windows 10 Pro; OS build 19042.1586; Version 2009; 64bit' Language: 'hu' Physical Memory: 32751 MB
BatchMode: 1, IsHumanControllingUs: 0, StartBugReporterOnCrash: 0, Is64bit: 1, IsPro: 0

 COMMAND LINE ARGUMENTS:
C:\Program Files\Unity\Hub\Editor\2020.3.12f1\Editor\Unity.exe
-adb2
-batchMode
-noUpm
-name
AssetImportWorker0
-projectPath
D:/Unity/HexaStrategy
-logFile
Logs/AssetImportWorker0.log
-srvPort
52222
Successfully changed project path to: D:/Unity/HexaStrategy
D:/Unity/HexaStrategy
Using Asset Import Pipeline V2.
Refreshing native plugins compatible for Editor in 102.75 ms, found 2 plugins.
Preloading 0 native plugins for Editor in 0.00 ms.
Initialize engine version: 2020.3.12f1 (b3b2c6512326)
[Subsystems] Discovering subsystems at path C:/Program Files/Unity/Hub/Editor/2020.3.12f1/Editor/Data/Resources/UnitySubsystems
[Subsystems] Discovering subsystems at path D:/Unity/HexaStrategy/Assets
GfxDevice: creating device client; threaded=0
Direct3D:
    Version:  Direct3D 11.0 [level 11.0]
    Renderer: NVIDIA Quadro 6000 (ID=0x6d8)
    Vendor:   
    VRAM:     6081 MB
    Driver:   21.21.13.7295
Initialize mono
Mono path[0] = 'C:/Program Files/Unity/Hub/Editor/2020.3.12f1/Editor/Data/Managed'
Mono path[1] = 'C:/Program Files/Unity/Hub/Editor/2020.3.12f1/Editor/Data/MonoBleedingEdge/lib/mono/unityjit'
Mono config path = 'C:/Program Files/Unity/Hub/Editor/2020.3.12f1/Editor/Data/MonoBleedingEdge/etc'
Using monoOptions --debugger-agent=transport=dt_socket,embedding=1,server=y,suspend=n,address=127.0.0.1:56372
Begin MonoManager ReloadAssembly
Registering precompiled unity dll's ...
Register platform support module: C:/Program Files/Unity/Hub/Editor/2020.3.12f1/Editor/Data/PlaybackEngines/WindowsStandaloneSupport/UnityEditor.WindowsStandalone.Extensions.dll
Registered in 0.004244 seconds.
Native extension for WindowsStandalone target not found
Refreshing native plugins compatible for Editor in 95.81 ms, found 2 plugins.
Preloading 0 native plugins for Editor in 0.00 ms.
Mono: successfully reloaded assembly
- Completed reload, in  2.285 seconds
Platform modules already initialized, skipping
Registering precompiled user dll's ...
Registered in 0.005338 seconds.
Begin MonoManager ReloadAssembly
Native extension for WindowsStandalone target not found
Refreshing native plugins compatible for Editor in 1.04 ms, found 2 plugins.
Preloading 0 native plugins for Editor in 0.00 ms.
Mono: successfully reloaded assembly
- Completed reload, in  1.910 seconds
Platform modules already initialized, skipping
========================================================================
Worker process is ready to serve import requests
Launched and connected shader compiler UnityShaderCompiler.exe after 0.09 seconds
Refreshing native plugins compatible for Editor in 1.37 ms, found 2 plugins.
Preloading 0 native plugins for Editor in 0.00 ms.
Unloading 1562 Unused Serialized files (Serialized files now loaded: 0)
System memory in use before: 81.4 MB.
System memory in use after: 81.4 MB.

Unloading 21 unused Assets to reduce memory usage. Loaded Objects now: 2001.
Total: 3.304400 ms (FindLiveObjects: 0.246400 ms CreateObjectMapping: 0.098700 ms MarkObjects: 2.804000 ms  DeleteObjects: 0.152500 ms)

AssetImportParameters requested are different than current active one (requested -> active):
  custom:framework-win-MediaFoundation: 216162199b28c13a410421893ffa2e32 -> 
  custom:video-decoder-ogg-theora: a1e56fd34408186e4bbccfd4996cb3dc -> 
  custom:container-muxer-webm: aa71ff27fc2769a1b78a27578f13a17b -> 
  custom:container-demuxer-webm: 4f35f7cbe854078d1ac9338744f61a02 -> 
  custom:container-demuxer-ogg: 62fdf1f143b41e24485cea50d1cbac27 -> 
  custom:video-encoder-webm-vp8: eb34c28f22e8b96e1ab97ce403110664 -> 
  custom:video-decoder-webm-vp8: 9c59270c3fd7afecdb556c50c9e8de78 -> 
  custom:audio-decoder-ogg-vorbis: bf7c407c2cedff20999df2af8eb42d56 -> 
  custom:audio-encoder-webm-vorbis: bf7c407c2cedff20999df2af8eb42d56 -> 
========================================================================
Received Import Request.
  path: Assets/Scripts/DayNightCycle.cs
  artifactKey: Guid(b180c74e9fd05254a80de6113f218597) Importer(815301076,1909f56bfc062723c751e8b465ee728b)
Start importing Assets/Scripts/DayNightCycle.cs using Guid(b180c74e9fd05254a80de6113f218597) Importer(815301076,1909f56bfc062723c751e8b465ee728b)  -> (artifact id: '3aa1f5457bb60a702f926af8cfd21f22') in 0.881280 seconds 
  Import took 0.898037 seconds .

========================================================================
Received Import Request.
  Time since last request: 0.000702 seconds.
  path: Assets/Scripts/CanvasCamera.cs
  artifactKey: Guid(26d069c3975a3794fb44d4fda5ddce95) Importer(815301076,1909f56bfc062723c751e8b465ee728b)
Start importing Assets/Scripts/CanvasCamera.cs using Guid(26d069c3975a3794fb44d4fda5ddce95) Importer(815301076,1909f56bfc062723c751e8b465ee728b)  -> (artifact id: '82274c9d29c7651b05633768de3bb272') in 0.009759 seconds 
  Import took 0.022237 seconds .

========================================================================
Received Import Request.
  Time since last request: 0.000546 seconds.
  path: Assets/Scripts/GatherSystem.cs
  artifactKey: Guid(daa84bbaf8fcb0b45acdac1b1693cdc6) Importer(815301076,1909f56bfc062723c751e8b465ee728b)
Start importing Assets/Scripts/GatherSystem.cs using Guid(daa84bbaf8fcb0b45acdac1b1693cdc6) Importer(815301076,1909f56bfc062723c751e8b465ee728b)  -> (artifact id: '8ad335f4c93b1bdd8a20114dd6887e99') in 0.010232 seconds 
  Import took 0.014274 seconds .

========================================================================
Received Import Request.
  Time since last request: 0.000565 seconds.
  path: Assets/Scripts/Materials.cs
  artifactKey: Guid(d65256ed1241ff44d9f59e265d890d3c) Importer(815301076,1909f56bfc062723c751e8b465ee728b)
Start importing Assets/Scripts/Materials.cs using Guid(d65256ed1241ff44d9f59e265d890d3c) Importer(815301076,1909f56bfc062723c751e8b465ee728b)  -> (artifact id: 'd50f81c7307a0ffd2b01430138fc9971') in 0.020325 seconds 
  Import took 0.024308 seconds .

========================================================================
Received Import Request.
  Time since last request: 0.000709 seconds.
  path: Assets/Scripts/Tile.cs
  artifactKey: Guid(e8626dc6f5a0a37468f45ea9114d5595) Importer(815301076,1909f56bfc062723c751e8b465ee728b)
Start importing Assets/Scripts/Tile.cs using Guid(e8626dc6f5a0a37468f45ea9114d5595) Importer(815301076,1909f56bfc062723c751e8b465ee728b)  -> (artifact id: 'c35e884bdcebe57eb3695f9e3c32b1fc') in 0.008605 seconds 
  Import took 0.014082 seconds .

========================================================================
Received Prepare
Registering precompiled user dll's ...
Registered in 0.005955 seconds.
Begin MonoManager ReloadAssembly
Native extension for WindowsStandalone target not found
Refreshing native plugins compatible for Editor in 1.08 ms, found 2 plugins.
Preloading 0 native plugins for Editor in 0.00 ms.
Mono: successfully reloaded assembly
- Completed reload, in  1.837 seconds
Platform modules already initialized, skipping
Refreshing native plugins compatible for Editor in 0.99 ms, found 2 plugins.
Preloading 0 native plugins for Editor in 0.00 ms.
Unloading 1505 Unused Serialized files (Serialized files now loaded: 0)
System memory in use before: 76.2 MB.
System memory in use after: 76.3 MB.

Unloading 16 unused Assets to reduce memory usage. Loaded Objects now: 2004.
Total: 3.291500 ms (FindLiveObjects: 0.217000 ms CreateObjectMapping: 0.095700 ms MarkObjects: 2.850800 ms  DeleteObjects: 0.125300 ms)

AssetImportParameters requested are different than current active one (requested -> active):
  custom:framework-win-MediaFoundation: 216162199b28c13a410421893ffa2e32 -> 
  custom:video-decoder-ogg-theora: a1e56fd34408186e4bbccfd4996cb3dc -> 
  custom:container-muxer-webm: aa71ff27fc2769a1b78a27578f13a17b -> 
  custom:container-demuxer-webm: 4f35f7cbe854078d1ac9338744f61a02 -> 
  custom:container-demuxer-ogg: 62fdf1f143b41e24485cea50d1cbac27 -> 
  custom:video-encoder-webm-vp8: eb34c28f22e8b96e1ab97ce403110664 -> 
  custom:video-decoder-webm-vp8: 9c59270c3fd7afecdb556c50c9e8de78 -> 
  custom:audio-decoder-ogg-vorbis: bf7c407c2cedff20999df2af8eb42d56 -> 
  custom:audio-encoder-webm-vorbis: bf7c407c2cedff20999df2af8eb42d56 -> 
========================================================================
Received Import Request.
  Time since last request: 623.343258 seconds.
  path: Assets/Scripts/GatherSystem.cs
  artifactKey: Guid(daa84bbaf8fcb0b45acdac1b1693cdc6) Importer(815301076,1909f56bfc062723c751e8b465ee728b)
Start importing Assets/Scripts/GatherSystem.cs using Guid(daa84bbaf8fcb0b45acdac1b1693cdc6) Importer(815301076,1909f56bfc062723c751e8b465ee728b)  -> (artifact id: 'd031e529e0971391066a8e9e2ddb2a4d') in 0.006367 seconds 
  Import took 0.010015 seconds .

========================================================================
Received Import Request.
  Time since last request: 117.164391 seconds.
  path: Assets/Prefabs/house.prefab
  artifactKey: Guid(6701986c09c6be0438c2bbd14f85e9f7) Importer(815301076,1909f56bfc062723c751e8b465ee728b)
Start importing Assets/Prefabs/house.prefab using Guid(6701986c09c6be0438c2bbd14f85e9f7) Importer(815301076,1909f56bfc062723c751e8b465ee728b)  -> (artifact id: '9cb0461182b9e4919d1b4fd4bc9620a3') in 0.197511 seconds 
  Import took 0.203840 seconds .

========================================================================
Received Import Request.
  Time since last request: 4.128434 seconds.
  path: Assets/Prefabs/house.prefab
  artifactKey: Guid(6701986c09c6be0438c2bbd14f85e9f7) Importer(815301076,1909f56bfc062723c751e8b465ee728b)
Start importing Assets/Prefabs/house.prefab using Guid(6701986c09c6be0438c2bbd14f85e9f7) Importer(815301076,1909f56bfc062723c751e8b465ee728b)  -> (artifact id: '407244c64f89ec969cac7fbac3e8bec9') in 0.023553 seconds 
  Import took 0.030063 seconds .

========================================================================
Received Import Request.
  Time since last request: 0.761860 seconds.
  path: Assets/Prefabs/house.prefab
  artifactKey: Guid(6701986c09c6be0438c2bbd14f85e9f7) Importer(815301076,1909f56bfc062723c751e8b465ee728b)
Start importing Assets/Prefabs/house.prefab using Guid(6701986c09c6be0438c2bbd14f85e9f7) Importer(815301076,1909f56bfc062723c751e8b465ee728b)  -> (artifact id: '4f7b458c16567da1fce0400fbe4620d5') in 0.016131 seconds 
  Import took 0.020516 seconds .

========================================================================
Received Import Request.
  Time since last request: 0.459936 seconds.
  path: Assets/Prefabs/house.prefab
  artifactKey: Guid(6701986c09c6be0438c2bbd14f85e9f7) Importer(815301076,1909f56bfc062723c751e8b465ee728b)
Start importing Assets/Prefabs/house.prefab using Guid(6701986c09c6be0438c2bbd14f85e9f7) Importer(815301076,1909f56bfc062723c751e8b465ee728b)  -> (artifact id: 'ea963f1100410a618c436a2668d65845') in 0.016856 seconds 
  Import took 0.021383 seconds .

========================================================================
Received Import Request.
  Time since last request: 2.880522 seconds.
  path: Assets/Prefabs/house.prefab
  artifactKey: Guid(6701986c09c6be0438c2bbd14f85e9f7) Importer(815301076,1909f56bfc062723c751e8b465ee728b)
Start importing Assets/Prefabs/house.prefab using Guid(6701986c09c6be0438c2bbd14f85e9f7) Importer(815301076,1909f56bfc062723c751e8b465ee728b)  -> (artifact id: '5b5a8d63fcd11bf6a2fe3d3af9a4f66e') in 0.025093 seconds 
  Import took 0.031626 seconds .

========================================================================
Received Import Request.
  Time since last request: 21.580924 seconds.
  path: Assets/Prefabs/lumbermill.prefab
  artifactKey: Guid(138792d3a20485547b7a5e16b4bc5562) Importer(815301076,1909f56bfc062723c751e8b465ee728b)
Start importing Assets/Prefabs/lumbermill.prefab using Guid(138792d3a20485547b7a5e16b4bc5562) Importer(815301076,1909f56bfc062723c751e8b465ee728b)  -> (artifact id: 'fa9172d28121c15a4c4a6e5b860e1cb0') in 0.038638 seconds 
  Import took 0.043870 seconds .

========================================================================
Received Import Request.
  Time since last request: 2.303546 seconds.
  path: Assets/Prefabs/lumbermill.prefab
  artifactKey: Guid(138792d3a20485547b7a5e16b4bc5562) Importer(815301076,1909f56bfc062723c751e8b465ee728b)
Start importing Assets/Prefabs/lumbermill.prefab using Guid(138792d3a20485547b7a5e16b4bc5562) Importer(815301076,1909f56bfc062723c751e8b465ee728b)  -> (artifact id: '4dd57265df5870d163aba30bb1810e3a') in 0.018487 seconds 
  Import took 0.023989 seconds .

========================================================================
Received Import Request.
  Time since last request: 1.861172 seconds.
  path: Assets/Prefabs/lumbermill.prefab
  artifactKey: Guid(138792d3a20485547b7a5e16b4bc5562) Importer(815301076,1909f56bfc062723c751e8b465ee728b)
Start importing Assets/Prefabs/lumbermill.prefab using Guid(138792d3a20485547b7a5e16b4bc5562) Importer(815301076,1909f56bfc062723c751e8b465ee728b)  -> (artifact id: '50611d572b1dd12bd22264b3b96d7d87') in 0.018911 seconds 
  Import took 0.024191 seconds .

========================================================================
Received Import Request.
  Time since last request: 0.641959 seconds.
  path: Assets/Prefabs/lumbermill.prefab
  artifactKey: Guid(138792d3a20485547b7a5e16b4bc5562) Importer(815301076,1909f56bfc062723c751e8b465ee728b)
Start importing Assets/Prefabs/lumbermill.prefab using Guid(138792d3a20485547b7a5e16b4bc5562) Importer(815301076,1909f56bfc062723c751e8b465ee728b)  -> (artifact id: 'bcce27d2e867662ab4b8de12558cd102') in 0.021789 seconds 
  Import took 0.028117 seconds .

========================================================================
Received Import Request.
  Time since last request: 1.237682 seconds.
  path: Assets/Prefabs/lumbermill.prefab
  artifactKey: Guid(138792d3a20485547b7a5e16b4bc5562) Importer(815301076,1909f56bfc062723c751e8b465ee728b)
Start importing Assets/Prefabs/lumbermill.prefab using Guid(138792d3a20485547b7a5e16b4bc5562) Importer(815301076,1909f56bfc062723c751e8b465ee728b)  -> (artifact id: '502173358d78bc3fc91fafa020f35d46') in 0.022306 seconds 
  Import took 0.028659 seconds .

========================================================================
Received Import Request.
  Time since last request: 28.851002 seconds.
  path: Assets/Prefabs/castle.prefab
  artifactKey: Guid(a7808d9778a68e945ab53eb42444022e) Importer(815301076,1909f56bfc062723c751e8b465ee728b)
Start importing Assets/Prefabs/castle.prefab using Guid(a7808d9778a68e945ab53eb42444022e) Importer(815301076,1909f56bfc062723c751e8b465ee728b)  -> (artifact id: 'fa453a852165107c9744876a42ba0ce8') in 0.040239 seconds 
  Import took 0.046532 seconds .

========================================================================
Received Import Request.
  Time since last request: 2.925603 seconds.
  path: Assets/Prefabs/castle.prefab
  artifactKey: Guid(a7808d9778a68e945ab53eb42444022e) Importer(815301076,1909f56bfc062723c751e8b465ee728b)
Start importing Assets/Prefabs/castle.prefab using Guid(a7808d9778a68e945ab53eb42444022e) Importer(815301076,1909f56bfc062723c751e8b465ee728b)  -> (artifact id: 'fbab2b4d7684e288132d252df406120c') in 0.020696 seconds 
  Import took 0.026936 seconds .

========================================================================
Received Import Request.
  Time since last request: 2.509968 seconds.
  path: Assets/Prefabs/castle.prefab
  artifactKey: Guid(a7808d9778a68e945ab53eb42444022e) Importer(815301076,1909f56bfc062723c751e8b465ee728b)
Start importing Assets/Prefabs/castle.prefab using Guid(a7808d9778a68e945ab53eb42444022e) Importer(815301076,1909f56bfc062723c751e8b465ee728b)  -> (artifact id: '275aa424cefc5a2d06c28104f3904a54') in 0.020993 seconds 
  Import took 0.027200 seconds .

========================================================================
Received Import Request.
  Time since last request: 3.694876 seconds.
  path: Assets/Prefabs/castle.prefab
  artifactKey: Guid(a7808d9778a68e945ab53eb42444022e) Importer(815301076,1909f56bfc062723c751e8b465ee728b)
Start importing Assets/Prefabs/castle.prefab using Guid(a7808d9778a68e945ab53eb42444022e) Importer(815301076,1909f56bfc062723c751e8b465ee728b)  -> (artifact id: 'b31f40e8e33b9cdc4c9d31242222cc65') in 0.033993 seconds 
  Import took 0.040365 seconds .

========================================================================
Received Import Request.
  Time since last request: 6.139568 seconds.
  path: Assets/Prefabs/castle.prefab
  artifactKey: Guid(a7808d9778a68e945ab53eb42444022e) Importer(815301076,1909f56bfc062723c751e8b465ee728b)
Start importing Assets/Prefabs/castle.prefab using Guid(a7808d9778a68e945ab53eb42444022e) Importer(815301076,1909f56bfc062723c751e8b465ee728b)  -> (artifact id: 'd2b90e560d7ac743b32b9367d3df22ff') in 0.019352 seconds 
  Import took 0.024723 seconds .

========================================================================
Received Import Request.
  Time since last request: 18.399961 seconds.
  path: Assets/Prefabs/castle.prefab
  artifactKey: Guid(a7808d9778a68e945ab53eb42444022e) Importer(815301076,1909f56bfc062723c751e8b465ee728b)
Start importing Assets/Prefabs/castle.prefab using Guid(a7808d9778a68e945ab53eb42444022e) Importer(815301076,1909f56bfc062723c751e8b465ee728b)  -> (artifact id: '09b3fbadab82ee6aaf886ef3a20069be') in 0.020554 seconds 
  Import took 0.026733 seconds .

========================================================================
Received Import Request.
  Time since last request: 9.402922 seconds.
  path: Assets/Prefabs/castle.prefab
  artifactKey: Guid(a7808d9778a68e945ab53eb42444022e) Importer(815301076,1909f56bfc062723c751e8b465ee728b)
Start importing Assets/Prefabs/castle.prefab using Guid(a7808d9778a68e945ab53eb42444022e) Importer(815301076,1909f56bfc062723c751e8b465ee728b)  -> (artifact id: 'f4a747b5decbd5cfd89e1177d437eb0a') in 0.020200 seconds 
  Import took 0.026364 seconds .

========================================================================
Received Import Request.
  Time since last request: 17.918573 seconds.
  path: Assets/Prefabs/PopUpObjects/WoodPopup 1.prefab
  artifactKey: Guid(e87b016ff07065646958cc71f96dde80) Importer(815301076,1909f56bfc062723c751e8b465ee728b)
Start importing Assets/Prefabs/PopUpObjects/WoodPopup 1.prefab using Guid(e87b016ff07065646958cc71f96dde80) Importer(815301076,1909f56bfc062723c751e8b465ee728b)  -> (artifact id: '66fcf8555db1e23033d2a3174cd9510a') in 0.024324 seconds 
  Import took 0.030491 seconds .

========================================================================
Received Import Request.
  Time since last request: 10.329277 seconds.
  path: Assets/Prefabs/PopUpObjects/MoneyPopup.prefab
  artifactKey: Guid(e87b016ff07065646958cc71f96dde80) Importer(815301076,1909f56bfc062723c751e8b465ee728b)
Start importing Assets/Prefabs/PopUpObjects/MoneyPopup.prefab using Guid(e87b016ff07065646958cc71f96dde80) Importer(815301076,1909f56bfc062723c751e8b465ee728b)  -> (artifact id: 'f2e82a7157cfec555211caca9b3a66fa') in 0.023611 seconds 
  Import took 0.029646 seconds .

========================================================================
Received Import Request.
  Time since last request: 16.529669 seconds.
  path: Assets/Prefabs/PopUpObjects/MoneyPopup.prefab
  artifactKey: Guid(e87b016ff07065646958cc71f96dde80) Importer(815301076,1909f56bfc062723c751e8b465ee728b)
Start importing Assets/Prefabs/PopUpObjects/MoneyPopup.prefab using Guid(e87b016ff07065646958cc71f96dde80) Importer(815301076,1909f56bfc062723c751e8b465ee728b)  -> (artifact id: 'a39de447dc307790156416b02ea67e24') in 0.020958 seconds 
  Import took 0.026895 seconds .

========================================================================
Received Import Request.
  Time since last request: 30.669948 seconds.
  path: Assets/Prefabs/castle.prefab
  artifactKey: Guid(a7808d9778a68e945ab53eb42444022e) Importer(815301076,1909f56bfc062723c751e8b465ee728b)
Start importing Assets/Prefabs/castle.prefab using Guid(a7808d9778a68e945ab53eb42444022e) Importer(815301076,1909f56bfc062723c751e8b465ee728b)  -> (artifact id: 'e41d1389c6bf4b0b0035913872f4ff33') in 0.019644 seconds 
  Import took 0.024180 seconds .

========================================================================
Received Prepare
Registering precompiled user dll's ...
Registered in 0.006184 seconds.
Begin MonoManager ReloadAssembly
Native extension for WindowsStandalone target not found
Refreshing native plugins compatible for Editor in 1.04 ms, found 2 plugins.
Preloading 0 native plugins for Editor in 0.00 ms.
Mono: successfully reloaded assembly
- Completed reload, in  1.880 seconds
Platform modules already initialized, skipping
Refreshing native plugins compatible for Editor in 0.99 ms, found 2 plugins.
Preloading 0 native plugins for Editor in 0.00 ms.
Unloading 1505 Unused Serialized files (Serialized files now loaded: 0)
System memory in use before: 79.4 MB.
System memory in use after: 79.5 MB.

Unloading 16 unused Assets to reduce memory usage. Loaded Objects now: 2015.
Total: 2.950700 ms (FindLiveObjects: 0.207200 ms CreateObjectMapping: 0.087900 ms MarkObjects: 2.566500 ms  DeleteObjects: 0.086900 ms)

AssetImportParameters requested are different than current active one (requested -> active):
  custom:framework-win-MediaFoundation: 216162199b28c13a410421893ffa2e32 -> 
  custom:video-decoder-ogg-theora: a1e56fd34408186e4bbccfd4996cb3dc -> 
  custom:container-muxer-webm: aa71ff27fc2769a1b78a27578f13a17b -> 
  custom:container-demuxer-webm: 4f35f7cbe854078d1ac9338744f61a02 -> 
  custom:container-demuxer-ogg: 62fdf1f143b41e24485cea50d1cbac27 -> 
  custom:video-encoder-webm-vp8: eb34c28f22e8b96e1ab97ce403110664 -> 
  custom:video-decoder-webm-vp8: 9c59270c3fd7afecdb556c50c9e8de78 -> 
  custom:audio-decoder-ogg-vorbis: bf7c407c2cedff20999df2af8eb42d56 -> 
  custom:audio-encoder-webm-vorbis: bf7c407c2cedff20999df2af8eb42d56 -> 
========================================================================
Received Import Request.
  Time since last request: 15.284437 seconds.
  path: Assets/Prefabs/PopUpObjects/MoneyPopup 1.prefab
  artifactKey: Guid(3dcb4ac853cd53949b66d334494ea536) Importer(815301076,1909f56bfc062723c751e8b465ee728b)
Start importing Assets/Prefabs/PopUpObjects/MoneyPopup 1.prefab using Guid(3dcb4ac853cd53949b66d334494ea536) Importer(815301076,1909f56bfc062723c751e8b465ee728b)  -> (artifact id: '73654382147dd43aac42e97f70cab426') in 0.112711 seconds 
  Import took 0.116738 seconds .

========================================================================
Received Import Request.
  Time since last request: 5.049022 seconds.
  path: Assets/Prefabs/PopUpObjects/PopulationPopup.prefab
  artifactKey: Guid(3dcb4ac853cd53949b66d334494ea536) Importer(815301076,1909f56bfc062723c751e8b465ee728b)
Start importing Assets/Prefabs/PopUpObjects/PopulationPopup.prefab using Guid(3dcb4ac853cd53949b66d334494ea536) Importer(815301076,1909f56bfc062723c751e8b465ee728b)  -> (artifact id: '48e59f0cdef6684da042367adea4bd4f') in 0.023646 seconds 
  Import took 0.029574 seconds .

========================================================================
Received Import Request.
  Time since last request: 5.219072 seconds.
  path: Assets/Prefabs/PopUpObjects/PopulationPopup.prefab
  artifactKey: Guid(3dcb4ac853cd53949b66d334494ea536) Importer(815301076,1909f56bfc062723c751e8b465ee728b)
Start importing Assets/Prefabs/PopUpObjects/PopulationPopup.prefab using Guid(3dcb4ac853cd53949b66d334494ea536) Importer(815301076,1909f56bfc062723c751e8b465ee728b)  -> (artifact id: 'db6efe550bf2fe948413ca175b8f0a6b') in 0.021926 seconds 
  Import took 0.027948 seconds .

========================================================================
Received Import Request.
  Time since last request: 0.022444 seconds.
  path: Assets/Prefabs/PopUpObjects/PopulationPopup.prefab
  artifactKey: Guid(3dcb4ac853cd53949b66d334494ea536) Importer(815301076,1909f56bfc062723c751e8b465ee728b)
Start importing Assets/Prefabs/PopUpObjects/PopulationPopup.prefab using Guid(3dcb4ac853cd53949b66d334494ea536) Importer(815301076,1909f56bfc062723c751e8b465ee728b)  -> (artifact id: 'db6efe550bf2fe948413ca175b8f0a6b') in 0.011116 seconds 
  Import took 0.015142 seconds .

========================================================================
Received Import Request.
  Time since last request: 11.279742 seconds.
  path: Assets/Prefabs/castle.prefab
  artifactKey: Guid(a7808d9778a68e945ab53eb42444022e) Importer(815301076,1909f56bfc062723c751e8b465ee728b)
Start importing Assets/Prefabs/castle.prefab using Guid(a7808d9778a68e945ab53eb42444022e) Importer(815301076,1909f56bfc062723c751e8b465ee728b)  -> (artifact id: '639d449195831982b1b5fd0a21c72e4c') in 0.020546 seconds 
  Import took 0.024984 seconds .

========================================================================
Received Import Request.
  Time since last request: 36.473666 seconds.
  path: Assets/Prefabs/house.prefab
  artifactKey: Guid(6701986c09c6be0438c2bbd14f85e9f7) Importer(815301076,1909f56bfc062723c751e8b465ee728b)
Start importing Assets/Prefabs/house.prefab using Guid(6701986c09c6be0438c2bbd14f85e9f7) Importer(815301076,1909f56bfc062723c751e8b465ee728b)  -> (artifact id: '7e8b765669e74257f0944a1ecde8a908') in 0.034225 seconds 
  Import took 0.039420 seconds .

========================================================================
Received Import Request.
  Time since last request: 6.658578 seconds.
  path: Assets/Prefabs/house.prefab
  artifactKey: Guid(6701986c09c6be0438c2bbd14f85e9f7) Importer(815301076,1909f56bfc062723c751e8b465ee728b)
Start importing Assets/Prefabs/house.prefab using Guid(6701986c09c6be0438c2bbd14f85e9f7) Importer(815301076,1909f56bfc062723c751e8b465ee728b)  -> (artifact id: 'dfa425eccd5868fdf217b0503573ab32') in 0.023120 seconds 
  Import took 0.029181 seconds .

========================================================================
Received Import Request.
  Time since last request: 2.521712 seconds.
  path: Assets/Prefabs/house.prefab
  artifactKey: Guid(6701986c09c6be0438c2bbd14f85e9f7) Importer(815301076,1909f56bfc062723c751e8b465ee728b)
Start importing Assets/Prefabs/house.prefab using Guid(6701986c09c6be0438c2bbd14f85e9f7) Importer(815301076,1909f56bfc062723c751e8b465ee728b)  -> (artifact id: 'deb4b265ed0c3ca3dcd9087e23f8ed82') in 0.016892 seconds 
  Import took 0.021219 seconds .

========================================================================
Received Import Request.
  Time since last request: 4.589761 seconds.
  path: Assets/Prefabs/house.prefab
  artifactKey: Guid(6701986c09c6be0438c2bbd14f85e9f7) Importer(815301076,1909f56bfc062723c751e8b465ee728b)
Start importing Assets/Prefabs/house.prefab using Guid(6701986c09c6be0438c2bbd14f85e9f7) Importer(815301076,1909f56bfc062723c751e8b465ee728b)  -> (artifact id: 'cfd60da0b5c5999d7843277cdd99de0f') in 0.022824 seconds 
  Import took 0.029247 seconds .

========================================================================
Received Prepare
Registering precompiled user dll's ...
Registered in 0.006198 seconds.
Begin MonoManager ReloadAssembly
Native extension for WindowsStandalone target not found
Refreshing native plugins compatible for Editor in 1.06 ms, found 2 plugins.
Preloading 0 native plugins for Editor in 0.00 ms.
Mono: successfully reloaded assembly
- Completed reload, in  1.886 seconds
Platform modules already initialized, skipping
Refreshing native plugins compatible for Editor in 1.14 ms, found 2 plugins.
Preloading 0 native plugins for Editor in 0.00 ms.
Unloading 1505 Unused Serialized files (Serialized files now loaded: 0)
System memory in use before: 79.4 MB.
System memory in use after: 79.5 MB.

Unloading 16 unused Assets to reduce memory usage. Loaded Objects now: 2019.
Total: 3.541200 ms (FindLiveObjects: 0.216600 ms CreateObjectMapping: 0.139500 ms MarkObjects: 3.074900 ms  DeleteObjects: 0.107300 ms)

AssetImportParameters requested are different than current active one (requested -> active):
  custom:framework-win-MediaFoundation: 216162199b28c13a410421893ffa2e32 -> 
  custom:video-decoder-ogg-theora: a1e56fd34408186e4bbccfd4996cb3dc -> 
  custom:container-muxer-webm: aa71ff27fc2769a1b78a27578f13a17b -> 
  custom:container-demuxer-webm: 4f35f7cbe854078d1ac9338744f61a02 -> 
  custom:container-demuxer-ogg: 62fdf1f143b41e24485cea50d1cbac27 -> 
  custom:video-encoder-webm-vp8: eb34c28f22e8b96e1ab97ce403110664 -> 
  custom:video-decoder-webm-vp8: 9c59270c3fd7afecdb556c50c9e8de78 -> 
  custom:audio-decoder-ogg-vorbis: bf7c407c2cedff20999df2af8eb42d56 -> 
  custom:audio-encoder-webm-vorbis: bf7c407c2cedff20999df2af8eb42d56 -> 
========================================================================
Received Import Request.
  Time since last request: 439.887580 seconds.
  path: Assets/Prefabs/house.prefab
  artifactKey: Guid(6701986c09c6be0438c2bbd14f85e9f7) Importer(815301076,1909f56bfc062723c751e8b465ee728b)
Start importing Assets/Prefabs/house.prefab using Guid(6701986c09c6be0438c2bbd14f85e9f7) Importer(815301076,1909f56bfc062723c751e8b465ee728b)  -> (artifact id: '4578f28dfe69fa5099c6ae894f1b47bc') in 0.121064 seconds 
  Import took 0.126108 seconds .

========================================================================
Received Import Request.
  Time since last request: 8.290382 seconds.
  path: Assets/Prefabs/farm_plot.prefab
  artifactKey: Guid(8370b50da8f9f8a45a898cdf7c76ee3d) Importer(815301076,1909f56bfc062723c751e8b465ee728b)
Start importing Assets/Prefabs/farm_plot.prefab using Guid(8370b50da8f9f8a45a898cdf7c76ee3d) Importer(815301076,1909f56bfc062723c751e8b465ee728b)  -> (artifact id: 'a06ea065c68f06155a9ea7112fc623a4') in 0.034783 seconds 
  Import took 0.039914 seconds .

========================================================================
Received Import Request.
  Time since last request: 0.738555 seconds.
  path: Assets/Prefabs/farm_plot.prefab
  artifactKey: Guid(8370b50da8f9f8a45a898cdf7c76ee3d) Importer(815301076,1909f56bfc062723c751e8b465ee728b)
Start importing Assets/Prefabs/farm_plot.prefab using Guid(8370b50da8f9f8a45a898cdf7c76ee3d) Importer(815301076,1909f56bfc062723c751e8b465ee728b)  -> (artifact id: '1e8d68a64ff352c7c67a7bb436fbd8d1') in 0.019587 seconds 
  Import took 0.025291 seconds .

========================================================================
Received Import Request.
  Time since last request: 3.947995 seconds.
  path: Assets/Prefabs/farm_plot.prefab
  artifactKey: Guid(8370b50da8f9f8a45a898cdf7c76ee3d) Importer(815301076,1909f56bfc062723c751e8b465ee728b)
Start importing Assets/Prefabs/farm_plot.prefab using Guid(8370b50da8f9f8a45a898cdf7c76ee3d) Importer(815301076,1909f56bfc062723c751e8b465ee728b)  -> (artifact id: '6aa244eb22a663b349971e754502ec61') in 0.018338 seconds 
  Import took 0.024465 seconds .

========================================================================
Received Import Request.
  Time since last request: 2.847899 seconds.
  path: Assets/Prefabs/farm_plot.prefab
  artifactKey: Guid(8370b50da8f9f8a45a898cdf7c76ee3d) Importer(815301076,1909f56bfc062723c751e8b465ee728b)
Start importing Assets/Prefabs/farm_plot.prefab using Guid(8370b50da8f9f8a45a898cdf7c76ee3d) Importer(815301076,1909f56bfc062723c751e8b465ee728b)  -> (artifact id: '58e8b023aba3a88c00e1ca3746f8fa6b') in 0.021739 seconds 
  Import took 0.028073 seconds .

========================================================================
Received Prepare
Registering precompiled user dll's ...
Registered in 0.006203 seconds.
Begin MonoManager ReloadAssembly
Native extension for WindowsStandalone target not found
Refreshing native plugins compatible for Editor in 1.10 ms, found 2 plugins.
Preloading 0 native plugins for Editor in 0.00 ms.
Mono: successfully reloaded assembly
- Completed reload, in  1.872 seconds
Platform modules already initialized, skipping
Refreshing native plugins compatible for Editor in 1.14 ms, found 2 plugins.
Preloading 0 native plugins for Editor in 0.00 ms.
Unloading 1505 Unused Serialized files (Serialized files now loaded: 0)
System memory in use before: 79.5 MB.
System memory in use after: 79.5 MB.

Unloading 16 unused Assets to reduce memory usage. Loaded Objects now: 2023.
Total: 3.578900 ms (FindLiveObjects: 0.237200 ms CreateObjectMapping: 0.109900 ms MarkObjects: 3.118000 ms  DeleteObjects: 0.110400 ms)

AssetImportParameters requested are different than current active one (requested -> active):
  custom:framework-win-MediaFoundation: 216162199b28c13a410421893ffa2e32 -> 
  custom:video-decoder-ogg-theora: a1e56fd34408186e4bbccfd4996cb3dc -> 
  custom:container-muxer-webm: aa71ff27fc2769a1b78a27578f13a17b -> 
  custom:container-demuxer-webm: 4f35f7cbe854078d1ac9338744f61a02 -> 
  custom:container-demuxer-ogg: 62fdf1f143b41e24485cea50d1cbac27 -> 
  custom:video-encoder-webm-vp8: eb34c28f22e8b96e1ab97ce403110664 -> 
  custom:video-decoder-webm-vp8: 9c59270c3fd7afecdb556c50c9e8de78 -> 
  custom:audio-decoder-ogg-vorbis: bf7c407c2cedff20999df2af8eb42d56 -> 
  custom:audio-encoder-webm-vorbis: bf7c407c2cedff20999df2af8eb42d56 -> 
========================================================================
Received Import Request.
  Time since last request: 28.394080 seconds.
  path: Assets/Prefabs/farm_plot.prefab
  artifactKey: Guid(8370b50da8f9f8a45a898cdf7c76ee3d) Importer(815301076,1909f56bfc062723c751e8b465ee728b)
Start importing Assets/Prefabs/farm_plot.prefab using Guid(8370b50da8f9f8a45a898cdf7c76ee3d) Importer(815301076,1909f56bfc062723c751e8b465ee728b)  -> (artifact id: 'd4e74fe023314fceefd4ab0261bbe397') in 0.120469 seconds 
  Import took 0.125746 seconds .

========================================================================
Received Prepare
Registering precompiled user dll's ...
Registered in 0.006206 seconds.
Begin MonoManager ReloadAssembly
Native extension for WindowsStandalone target not found
Refreshing native plugins compatible for Editor in 1.07 ms, found 2 plugins.
Preloading 0 native plugins for Editor in 0.00 ms.
Mono: successfully reloaded assembly
- Completed reload, in  1.915 seconds
Platform modules already initialized, skipping
Refreshing native plugins compatible for Editor in 1.16 ms, found 2 plugins.
Preloading 0 native plugins for Editor in 0.00 ms.
Unloading 1505 Unused Serialized files (Serialized files now loaded: 0)
System memory in use before: 79.3 MB.
System memory in use after: 79.4 MB.

Unloading 16 unused Assets to reduce memory usage. Loaded Objects now: 2027.
Total: 4.875500 ms (FindLiveObjects: 0.309400 ms CreateObjectMapping: 0.142500 ms MarkObjects: 4.211200 ms  DeleteObjects: 0.208800 ms)

AssetImportParameters requested are different than current active one (requested -> active):
  custom:framework-win-MediaFoundation: 216162199b28c13a410421893ffa2e32 -> 
  custom:video-decoder-ogg-theora: a1e56fd34408186e4bbccfd4996cb3dc -> 
  custom:container-muxer-webm: aa71ff27fc2769a1b78a27578f13a17b -> 
  custom:container-demuxer-webm: 4f35f7cbe854078d1ac9338744f61a02 -> 
  custom:container-demuxer-ogg: 62fdf1f143b41e24485cea50d1cbac27 -> 
  custom:video-encoder-webm-vp8: eb34c28f22e8b96e1ab97ce403110664 -> 
  custom:video-decoder-webm-vp8: 9c59270c3fd7afecdb556c50c9e8de78 -> 
  custom:audio-decoder-ogg-vorbis: bf7c407c2cedff20999df2af8eb42d56 -> 
  custom:audio-encoder-webm-vorbis: bf7c407c2cedff20999df2af8eb42d56 -> 
========================================================================
Received Import Request.
  Time since last request: 84.109979 seconds.
  path: Assets/Prefabs/farm_plot.prefab
  artifactKey: Guid(8370b50da8f9f8a45a898cdf7c76ee3d) Importer(815301076,1909f56bfc062723c751e8b465ee728b)
Start importing Assets/Prefabs/farm_plot.prefab using Guid(8370b50da8f9f8a45a898cdf7c76ee3d) Importer(815301076,1909f56bfc062723c751e8b465ee728b)  -> (artifact id: 'd49d16f9b975594b8d0d8ea6b9df96e9') in 0.140219 seconds 
  Import took 0.145505 seconds .

========================================================================
Received Import Request.
  Time since last request: 9.563090 seconds.
  path: Assets/Prefabs/farm_plot.prefab
  artifactKey: Guid(8370b50da8f9f8a45a898cdf7c76ee3d) Importer(815301076,1909f56bfc062723c751e8b465ee728b)
Start importing Assets/Prefabs/farm_plot.prefab using Guid(8370b50da8f9f8a45a898cdf7c76ee3d) Importer(815301076,1909f56bfc062723c751e8b465ee728b)  -> (artifact id: '7523436193daf53b62f9fdb489477069') in 0.026210 seconds 
  Import took 0.032930 seconds .

========================================================================
Received Import Request.
  Time since last request: 18.598355 seconds.
  path: Assets/Prefabs/farm_plot.prefab
  artifactKey: Guid(8370b50da8f9f8a45a898cdf7c76ee3d) Importer(815301076,1909f56bfc062723c751e8b465ee728b)
Start importing Assets/Prefabs/farm_plot.prefab using Guid(8370b50da8f9f8a45a898cdf7c76ee3d) Importer(815301076,1909f56bfc062723c751e8b465ee728b)  -> (artifact id: '58df0c565b23f71f202c052a39eb3e7f') in 0.019540 seconds 
  Import took 0.023783 seconds .

========================================================================
Received Import Request.
  Time since last request: 53.513950 seconds.
  path: Assets/Scripts/Resource.cs
  artifactKey: Guid(d70bec7abec7e39479f4410354960e76) Importer(815301076,1909f56bfc062723c751e8b465ee728b)
Start importing Assets/Scripts/Resource.cs using Guid(d70bec7abec7e39479f4410354960e76) Importer(815301076,1909f56bfc062723c751e8b465ee728b)  -> (artifact id: '3b143346702636bb1175c84dca02bd00') in 0.007338 seconds 
  Import took 0.011472 seconds .

========================================================================
Received Prepare
Registering precompiled user dll's ...
Registered in 0.006127 seconds.
Begin MonoManager ReloadAssembly
Native extension for WindowsStandalone target not found
Refreshing native plugins compatible for Editor in 1.04 ms, found 2 plugins.
Preloading 0 native plugins for Editor in 0.00 ms.
Mono: successfully reloaded assembly
- Completed reload, in  1.799 seconds
Platform modules already initialized, skipping
Refreshing native plugins compatible for Editor in 1.06 ms, found 2 plugins.
Preloading 0 native plugins for Editor in 0.00 ms.
Unloading 1506 Unused Serialized files (Serialized files now loaded: 0)
System memory in use before: 79.4 MB.
System memory in use after: 79.4 MB.

Unloading 16 unused Assets to reduce memory usage. Loaded Objects now: 2032.
Total: 3.177600 ms (FindLiveObjects: 0.213900 ms CreateObjectMapping: 0.096100 ms MarkObjects: 2.732700 ms  DeleteObjects: 0.132800 ms)

AssetImportParameters requested are different than current active one (requested -> active):
  custom:framework-win-MediaFoundation: 216162199b28c13a410421893ffa2e32 -> 
  custom:video-decoder-ogg-theora: a1e56fd34408186e4bbccfd4996cb3dc -> 
  custom:container-muxer-webm: aa71ff27fc2769a1b78a27578f13a17b -> 
  custom:container-demuxer-webm: 4f35f7cbe854078d1ac9338744f61a02 -> 
  custom:container-demuxer-ogg: 62fdf1f143b41e24485cea50d1cbac27 -> 
  custom:video-encoder-webm-vp8: eb34c28f22e8b96e1ab97ce403110664 -> 
  custom:video-decoder-webm-vp8: 9c59270c3fd7afecdb556c50c9e8de78 -> 
  custom:audio-decoder-ogg-vorbis: bf7c407c2cedff20999df2af8eb42d56 -> 
  custom:audio-encoder-webm-vorbis: bf7c407c2cedff20999df2af8eb42d56 -> 
========================================================================
Received Prepare
Registering precompiled user dll's ...
Registered in 0.005839 seconds.
Begin MonoManager ReloadAssembly
Native extension for WindowsStandalone target not found
Refreshing native plugins compatible for Editor in 1.03 ms, found 2 plugins.
Preloading 0 native plugins for Editor in 0.00 ms.
Mono: successfully reloaded assembly
- Completed reload, in  1.802 seconds
Platform modules already initialized, skipping
Refreshing native plugins compatible for Editor in 1.04 ms, found 2 plugins.
Preloading 0 native plugins for Editor in 0.00 ms.
Unloading 1506 Unused Serialized files (Serialized files now loaded: 0)
System memory in use before: 79.4 MB.
System memory in use after: 79.4 MB.

Unloading 16 unused Assets to reduce memory usage. Loaded Objects now: 2035.
Total: 3.518500 ms (FindLiveObjects: 0.216400 ms CreateObjectMapping: 0.095200 ms MarkObjects: 3.073400 ms  DeleteObjects: 0.131200 ms)

AssetImportParameters requested are different than current active one (requested -> active):
  custom:framework-win-MediaFoundation: 216162199b28c13a410421893ffa2e32 -> 
  custom:video-decoder-ogg-theora: a1e56fd34408186e4bbccfd4996cb3dc -> 
  custom:container-muxer-webm: aa71ff27fc2769a1b78a27578f13a17b -> 
  custom:container-demuxer-webm: 4f35f7cbe854078d1ac9338744f61a02 -> 
  custom:container-demuxer-ogg: 62fdf1f143b41e24485cea50d1cbac27 -> 
  custom:video-encoder-webm-vp8: eb34c28f22e8b96e1ab97ce403110664 -> 
  custom:video-decoder-webm-vp8: 9c59270c3fd7afecdb556c50c9e8de78 -> 
  custom:audio-decoder-ogg-vorbis: bf7c407c2cedff20999df2af8eb42d56 -> 
  custom:audio-encoder-webm-vorbis: bf7c407c2cedff20999df2af8eb42d56 -> 
========================================================================
Received Import Request.
  Time since last request: 363.038984 seconds.
  path: Assets/Scripts/Resource.cs
  artifactKey: Guid(d70bec7abec7e39479f4410354960e76) Importer(815301076,1909f56bfc062723c751e8b465ee728b)
Start importing Assets/Scripts/Resource.cs using Guid(d70bec7abec7e39479f4410354960e76) Importer(815301076,1909f56bfc062723c751e8b465ee728b)  -> (artifact id: 'c22610bbff65ee149c5df470304276f1') in 0.006291 seconds 
  Import took 0.010078 seconds .

========================================================================
Received Prepare
Registering precompiled user dll's ...
Registered in 0.005809 seconds.
Begin MonoManager ReloadAssembly
Native extension for WindowsStandalone target not found
Refreshing native plugins compatible for Editor in 1.05 ms, found 2 plugins.
Preloading 0 native plugins for Editor in 0.00 ms.
Mono: successfully reloaded assembly
- Completed reload, in  1.789 seconds
Platform modules already initialized, skipping
Refreshing native plugins compatible for Editor in 1.02 ms, found 2 plugins.
Preloading 0 native plugins for Editor in 0.00 ms.
Unloading 1506 Unused Serialized files (Serialized files now loaded: 0)
System memory in use before: 79.4 MB.
System memory in use after: 79.4 MB.

Unloading 16 unused Assets to reduce memory usage. Loaded Objects now: 2038.
Total: 2.947200 ms (FindLiveObjects: 0.194300 ms CreateObjectMapping: 0.091900 ms MarkObjects: 2.538500 ms  DeleteObjects: 0.120700 ms)

AssetImportParameters requested are different than current active one (requested -> active):
  custom:framework-win-MediaFoundation: 216162199b28c13a410421893ffa2e32 -> 
  custom:video-decoder-ogg-theora: a1e56fd34408186e4bbccfd4996cb3dc -> 
  custom:container-muxer-webm: aa71ff27fc2769a1b78a27578f13a17b -> 
  custom:container-demuxer-webm: 4f35f7cbe854078d1ac9338744f61a02 -> 
  custom:container-demuxer-ogg: 62fdf1f143b41e24485cea50d1cbac27 -> 
  custom:video-encoder-webm-vp8: eb34c28f22e8b96e1ab97ce403110664 -> 
  custom:video-decoder-webm-vp8: 9c59270c3fd7afecdb556c50c9e8de78 -> 
  custom:audio-decoder-ogg-vorbis: bf7c407c2cedff20999df2af8eb42d56 -> 
  custom:audio-encoder-webm-vorbis: bf7c407c2cedff20999df2af8eb42d56 -> 
========================================================================
Received Import Request.
  Time since last request: 122.862562 seconds.
  path: Assets/Scripts/RadialMenu.cs
  artifactKey: Guid(8ed879c1e71d7854ea11417e8a957aa3) Importer(815301076,1909f56bfc062723c751e8b465ee728b)
Start importing Assets/Scripts/RadialMenu.cs using Guid(8ed879c1e71d7854ea11417e8a957aa3) Importer(815301076,1909f56bfc062723c751e8b465ee728b)  -> (artifact id: '5fdf8a6e7bcee6a6fbcc8c5386a56912') in 0.011210 seconds 
  Import took 0.015274 seconds .

========================================================================
Received Import Request.
  Time since last request: 5.297599 seconds.
  path: Assets/Prefabs/farm_plot.prefab
  artifactKey: Guid(8370b50da8f9f8a45a898cdf7c76ee3d) Importer(815301076,1909f56bfc062723c751e8b465ee728b)
Start importing Assets/Prefabs/farm_plot.prefab using Guid(8370b50da8f9f8a45a898cdf7c76ee3d) Importer(815301076,1909f56bfc062723c751e8b465ee728b)  -> (artifact id: '54a987105dce708a0364bf612ae7546a') in 0.131042 seconds 
  Import took 0.135304 seconds .

========================================================================
Received Import Request.
  Time since last request: 44.284258 seconds.
  path: Assets/Prefabs/house.prefab
  artifactKey: Guid(6701986c09c6be0438c2bbd14f85e9f7) Importer(815301076,1909f56bfc062723c751e8b465ee728b)
Start importing Assets/Prefabs/house.prefab using Guid(6701986c09c6be0438c2bbd14f85e9f7) Importer(815301076,1909f56bfc062723c751e8b465ee728b)  -> (artifact id: 'fbbf2d5d717501f6308eae7931ed05db') in 0.026889 seconds 
  Import took 0.031430 seconds .

========================================================================
Received Prepare
Registering precompiled user dll's ...
Registered in 0.005862 seconds.
Begin MonoManager ReloadAssembly
Native extension for WindowsStandalone target not found
Refreshing native plugins compatible for Editor in 1.04 ms, found 2 plugins.
Preloading 0 native plugins for Editor in 0.00 ms.
Mono: successfully reloaded assembly
- Completed reload, in  1.808 seconds
Platform modules already initialized, skipping
Refreshing native plugins compatible for Editor in 0.97 ms, found 2 plugins.
Preloading 0 native plugins for Editor in 0.00 ms.
Unloading 1506 Unused Serialized files (Serialized files now loaded: 0)
System memory in use before: 79.4 MB.
System memory in use after: 79.4 MB.

Unloading 16 unused Assets to reduce memory usage. Loaded Objects now: 2042.
Total: 3.050500 ms (FindLiveObjects: 0.197300 ms CreateObjectMapping: 0.089600 ms MarkObjects: 2.634000 ms  DeleteObjects: 0.127600 ms)

AssetImportParameters requested are different than current active one (requested -> active):
  custom:framework-win-MediaFoundation: 216162199b28c13a410421893ffa2e32 -> 
  custom:video-decoder-ogg-theora: a1e56fd34408186e4bbccfd4996cb3dc -> 
  custom:container-muxer-webm: aa71ff27fc2769a1b78a27578f13a17b -> 
  custom:container-demuxer-webm: 4f35f7cbe854078d1ac9338744f61a02 -> 
  custom:container-demuxer-ogg: 62fdf1f143b41e24485cea50d1cbac27 -> 
  custom:video-encoder-webm-vp8: eb34c28f22e8b96e1ab97ce403110664 -> 
  custom:video-decoder-webm-vp8: 9c59270c3fd7afecdb556c50c9e8de78 -> 
  custom:audio-decoder-ogg-vorbis: bf7c407c2cedff20999df2af8eb42d56 -> 
  custom:audio-encoder-webm-vorbis: bf7c407c2cedff20999df2af8eb42d56 -> 
========================================================================
Received Prepare
Registering precompiled user dll's ...
Registered in 0.005957 seconds.
Begin MonoManager ReloadAssembly
Native extension for WindowsStandalone target not found
Refreshing native plugins compatible for Editor in 1.04 ms, found 2 plugins.
Preloading 0 native plugins for Editor in 0.00 ms.
Mono: successfully reloaded assembly
- Completed reload, in  1.802 seconds
Platform modules already initialized, skipping
Refreshing native plugins compatible for Editor in 0.98 ms, found 2 plugins.
Preloading 0 native plugins for Editor in 0.00 ms.
Unloading 1506 Unused Serialized files (Serialized files now loaded: 0)
System memory in use before: 79.4 MB.
System memory in use after: 79.5 MB.

Unloading 16 unused Assets to reduce memory usage. Loaded Objects now: 2045.
Total: 2.930900 ms (FindLiveObjects: 0.195600 ms CreateObjectMapping: 0.086800 ms MarkObjects: 2.521900 ms  DeleteObjects: 0.124600 ms)

AssetImportParameters requested are different than current active one (requested -> active):
  custom:framework-win-MediaFoundation: 216162199b28c13a410421893ffa2e32 -> 
  custom:video-decoder-ogg-theora: a1e56fd34408186e4bbccfd4996cb3dc -> 
  custom:container-muxer-webm: aa71ff27fc2769a1b78a27578f13a17b -> 
  custom:container-demuxer-webm: 4f35f7cbe854078d1ac9338744f61a02 -> 
  custom:container-demuxer-ogg: 62fdf1f143b41e24485cea50d1cbac27 -> 
  custom:video-encoder-webm-vp8: eb34c28f22e8b96e1ab97ce403110664 -> 
  custom:video-decoder-webm-vp8: 9c59270c3fd7afecdb556c50c9e8de78 -> 
  custom:audio-decoder-ogg-vorbis: bf7c407c2cedff20999df2af8eb42d56 -> 
  custom:audio-encoder-webm-vorbis: bf7c407c2cedff20999df2af8eb42d56 -> 
========================================================================
Received Prepare
Registering precompiled user dll's ...
Registered in 0.005769 seconds.
Begin MonoManager ReloadAssembly
Native extension for WindowsStandalone target not found
Refreshing native plugins compatible for Editor in 1.03 ms, found 2 plugins.
Preloading 0 native plugins for Editor in 0.00 ms.
Mono: successfully reloaded assembly
- Completed reload, in  1.811 seconds
Platform modules already initialized, skipping
Refreshing native plugins compatible for Editor in 1.03 ms, found 2 plugins.
Preloading 0 native plugins for Editor in 0.00 ms.
Unloading 1506 Unused Serialized files (Serialized files now loaded: 0)
System memory in use before: 79.4 MB.
System memory in use after: 79.5 MB.

Unloading 16 unused Assets to reduce memory usage. Loaded Objects now: 2048.
Total: 3.377500 ms (FindLiveObjects: 0.243400 ms CreateObjectMapping: 0.108800 ms MarkObjects: 2.883800 ms  DeleteObjects: 0.139500 ms)

AssetImportParameters requested are different than current active one (requested -> active):
  custom:framework-win-MediaFoundation: 216162199b28c13a410421893ffa2e32 -> 
  custom:video-decoder-ogg-theora: a1e56fd34408186e4bbccfd4996cb3dc -> 
  custom:container-muxer-webm: aa71ff27fc2769a1b78a27578f13a17b -> 
  custom:container-demuxer-webm: 4f35f7cbe854078d1ac9338744f61a02 -> 
  custom:container-demuxer-ogg: 62fdf1f143b41e24485cea50d1cbac27 -> 
  custom:video-encoder-webm-vp8: eb34c28f22e8b96e1ab97ce403110664 -> 
  custom:video-decoder-webm-vp8: 9c59270c3fd7afecdb556c50c9e8de78 -> 
  custom:audio-decoder-ogg-vorbis: bf7c407c2cedff20999df2af8eb42d56 -> 
  custom:audio-encoder-webm-vorbis: bf7c407c2cedff20999df2af8eb42d56 -> 
========================================================================
Received Prepare
Registering precompiled user dll's ...
Registered in 0.005827 seconds.
Begin MonoManager ReloadAssembly
Native extension for WindowsStandalone target not found
Refreshing native plugins compatible for Editor in 1.04 ms, found 2 plugins.
Preloading 0 native plugins for Editor in 0.00 ms.
Mono: successfully reloaded assembly
- Completed reload, in  1.799 seconds
Platform modules already initialized, skipping
Refreshing native plugins compatible for Editor in 1.03 ms, found 2 plugins.
Preloading 0 native plugins for Editor in 0.00 ms.
Unloading 1506 Unused Serialized files (Serialized files now loaded: 0)
System memory in use before: 79.4 MB.
System memory in use after: 79.5 MB.

Unloading 16 unused Assets to reduce memory usage. Loaded Objects now: 2051.
Total: 3.019800 ms (FindLiveObjects: 0.192400 ms CreateObjectMapping: 0.087300 ms MarkObjects: 2.614700 ms  DeleteObjects: 0.123400 ms)

AssetImportParameters requested are different than current active one (requested -> active):
  custom:framework-win-MediaFoundation: 216162199b28c13a410421893ffa2e32 -> 
  custom:video-decoder-ogg-theora: a1e56fd34408186e4bbccfd4996cb3dc -> 
  custom:container-muxer-webm: aa71ff27fc2769a1b78a27578f13a17b -> 
  custom:container-demuxer-webm: 4f35f7cbe854078d1ac9338744f61a02 -> 
  custom:container-demuxer-ogg: 62fdf1f143b41e24485cea50d1cbac27 -> 
  custom:video-encoder-webm-vp8: eb34c28f22e8b96e1ab97ce403110664 -> 
  custom:video-decoder-webm-vp8: 9c59270c3fd7afecdb556c50c9e8de78 -> 
  custom:audio-decoder-ogg-vorbis: bf7c407c2cedff20999df2af8eb42d56 -> 
  custom:audio-encoder-webm-vorbis: bf7c407c2cedff20999df2af8eb42d56 -> 
========================================================================
Received Prepare
Registering precompiled user dll's ...
Registered in 0.005892 seconds.
Begin MonoManager ReloadAssembly
Native extension for WindowsStandalone target not found
Refreshing native plugins compatible for Editor in 1.04 ms, found 2 plugins.
Preloading 0 native plugins for Editor in 0.00 ms.
Mono: successfully reloaded assembly
- Completed reload, in  1.780 seconds
Platform modules already initialized, skipping
Refreshing native plugins compatible for Editor in 0.99 ms, found 2 plugins.
Preloading 0 native plugins for Editor in 0.00 ms.
Unloading 1506 Unused Serialized files (Serialized files now loaded: 0)
System memory in use before: 79.4 MB.
System memory in use after: 79.5 MB.

Unloading 16 unused Assets to reduce memory usage. Loaded Objects now: 2054.
Total: 2.915900 ms (FindLiveObjects: 0.195000 ms CreateObjectMapping: 0.086200 ms MarkObjects: 2.506000 ms  DeleteObjects: 0.126600 ms)

AssetImportParameters requested are different than current active one (requested -> active):
  custom:framework-win-MediaFoundation: 216162199b28c13a410421893ffa2e32 -> 
  custom:video-decoder-ogg-theora: a1e56fd34408186e4bbccfd4996cb3dc -> 
  custom:container-muxer-webm: aa71ff27fc2769a1b78a27578f13a17b -> 
  custom:container-demuxer-webm: 4f35f7cbe854078d1ac9338744f61a02 -> 
  custom:container-demuxer-ogg: 62fdf1f143b41e24485cea50d1cbac27 -> 
  custom:video-encoder-webm-vp8: eb34c28f22e8b96e1ab97ce403110664 -> 
  custom:video-decoder-webm-vp8: 9c59270c3fd7afecdb556c50c9e8de78 -> 
  custom:audio-decoder-ogg-vorbis: bf7c407c2cedff20999df2af8eb42d56 -> 
  custom:audio-encoder-webm-vorbis: bf7c407c2cedff20999df2af8eb42d56 -> 
========================================================================
Received Prepare
Registering precompiled user dll's ...
Registered in 0.005854 seconds.
Begin MonoManager ReloadAssembly
Native extension for WindowsStandalone target not found
Refreshing native plugins compatible for Editor in 1.04 ms, found 2 plugins.
Preloading 0 native plugins for Editor in 0.00 ms.
Mono: successfully reloaded assembly
- Completed reload, in  1.779 seconds
Platform modules already initialized, skipping
Refreshing native plugins compatible for Editor in 0.98 ms, found 2 plugins.
Preloading 0 native plugins for Editor in 0.00 ms.
Unloading 1506 Unused Serialized files (Serialized files now loaded: 0)
System memory in use before: 79.4 MB.
System memory in use after: 79.5 MB.

Unloading 16 unused Assets to reduce memory usage. Loaded Objects now: 2057.
Total: 3.024900 ms (FindLiveObjects: 0.196500 ms CreateObjectMapping: 0.087400 ms MarkObjects: 2.581500 ms  DeleteObjects: 0.157400 ms)

AssetImportParameters requested are different than current active one (requested -> active):
  custom:framework-win-MediaFoundation: 216162199b28c13a410421893ffa2e32 -> 
  custom:video-decoder-ogg-theora: a1e56fd34408186e4bbccfd4996cb3dc -> 
  custom:container-muxer-webm: aa71ff27fc2769a1b78a27578f13a17b -> 
  custom:container-demuxer-webm: 4f35f7cbe854078d1ac9338744f61a02 -> 
  custom:container-demuxer-ogg: 62fdf1f143b41e24485cea50d1cbac27 -> 
  custom:video-encoder-webm-vp8: eb34c28f22e8b96e1ab97ce403110664 -> 
  custom:video-decoder-webm-vp8: 9c59270c3fd7afecdb556c50c9e8de78 -> 
  custom:audio-decoder-ogg-vorbis: bf7c407c2cedff20999df2af8eb42d56 -> 
  custom:audio-encoder-webm-vorbis: bf7c407c2cedff20999df2af8eb42d56 -> 
========================================================================
Received Prepare
Registering precompiled user dll's ...
Registered in 0.006139 seconds.
Begin MonoManager ReloadAssembly
Native extension for WindowsStandalone target not found
Refreshing native plugins compatible for Editor in 1.04 ms, found 2 plugins.
Preloading 0 native plugins for Editor in 0.00 ms.
Mono: successfully reloaded assembly
- Completed reload, in  1.824 seconds
Platform modules already initialized, skipping
Refreshing native plugins compatible for Editor in 1.09 ms, found 2 plugins.
Preloading 0 native plugins for Editor in 0.00 ms.
Unloading 1506 Unused Serialized files (Serialized files now loaded: 0)
System memory in use before: 79.4 MB.
System memory in use after: 79.5 MB.

Unloading 16 unused Assets to reduce memory usage. Loaded Objects now: 2060.
Total: 3.354100 ms (FindLiveObjects: 0.235100 ms CreateObjectMapping: 0.098300 ms MarkObjects: 2.864000 ms  DeleteObjects: 0.154600 ms)

AssetImportParameters requested are different than current active one (requested -> active):
  custom:framework-win-MediaFoundation: 216162199b28c13a410421893ffa2e32 -> 
  custom:video-decoder-ogg-theora: a1e56fd34408186e4bbccfd4996cb3dc -> 
  custom:container-muxer-webm: aa71ff27fc2769a1b78a27578f13a17b -> 
  custom:container-demuxer-webm: 4f35f7cbe854078d1ac9338744f61a02 -> 
  custom:container-demuxer-ogg: 62fdf1f143b41e24485cea50d1cbac27 -> 
  custom:video-encoder-webm-vp8: eb34c28f22e8b96e1ab97ce403110664 -> 
  custom:video-decoder-webm-vp8: 9c59270c3fd7afecdb556c50c9e8de78 -> 
  custom:audio-decoder-ogg-vorbis: bf7c407c2cedff20999df2af8eb42d56 -> 
  custom:audio-encoder-webm-vorbis: bf7c407c2cedff20999df2af8eb42d56 -> 
========================================================================
Received Import Request.
  Time since last request: 3941.998771 seconds.
  path: Assets/Prefabs/forest.prefab
  artifactKey: Guid(d7e74969f81331e48877231129322e83) Importer(815301076,1909f56bfc062723c751e8b465ee728b)
Start importing Assets/Prefabs/forest.prefab using Guid(d7e74969f81331e48877231129322e83) Importer(815301076,1909f56bfc062723c751e8b465ee728b)  -> (artifact id: 'b614955656d6f308463fb1ae394dc3dd') in 0.205076 seconds 
  Import took 0.209602 seconds .

========================================================================
Received Import Request.
  Time since last request: 0.000901 seconds.
  path: Assets/Prefabs/forest.prefab
  artifactKey: Guid(d7e74969f81331e48877231129322e83) Importer(815301076,1909f56bfc062723c751e8b465ee728b)
Start importing Assets/Prefabs/forest.prefab using Guid(d7e74969f81331e48877231129322e83) Importer(815301076,1909f56bfc062723c751e8b465ee728b)  -> (artifact id: 'b614955656d6f308463fb1ae394dc3dd') in 0.013679 seconds 
  Import took 0.017452 seconds .

AssetImportWorkerClient::OnTransportError - code=2 error=End of file
